2015/08/12 17:00:04 [error] [exception.CHttpException.404] exception 'CHttpException' with message 'Unable to resolve the request "sites/97934/data/images/2015/1/01415292_50.350.300.jpg".' in C:\xampp\htdocs\heattransfer\heattransfer\php_code\framework\web\CWebApplication.php:287
Stack trace:
#0 C:\xampp\htdocs\heattransfer\heattransfer\php_code\framework\web\CWebApplication.php(142): CWebApplication->runController('sites/97934/dat...')
#1 C:\xampp\htdocs\heattransfer\heattransfer\php_code\framework\base\CApplication.php(162): CWebApplication->processRequest()
#2 C:\xampp\htdocs\heattransfer\heattransfer\php_code\public_html\index.php(12): CApplication->run()
#3 {main}
REQUEST_URI=/sites/97934/data/images/2015/1/01415292_50.350.300.jpg
HTTP_REFERER=http://heattransfer.tam/san-pham.html
---
2015/08/12 17:10:08 [error] [exception.CHttpException.404] exception 'CHttpException' with message 'Unable to resolve the request "sites/97934/data/images/2014/12/330130662394copy_main.350.300.jpg".' in C:\xampp\htdocs\heattransfer\heattransfer\php_code\framework\web\CWebApplication.php:287
Stack trace:
#0 C:\xampp\htdocs\heattransfer\heattransfer\php_code\framework\web\CWebApplication.php(142): CWebApplication->runController('sites/97934/dat...')
#1 C:\xampp\htdocs\heattransfer\heattransfer\php_code\framework\base\CApplication.php(162): CWebApplication->processRequest()
#2 C:\xampp\htdocs\heattransfer\heattransfer\php_code\public_html\index.php(12): CApplication->run()
#3 {main}
REQUEST_URI=/sites/97934/data/images/2014/12/330130662394copy_main.350.300.jpg
HTTP_REFERER=http://heattransfer.tam/san-pham.html
---
2015/08/12 17:10:09 [error] [exception.CHttpException.404] exception 'CHttpException' with message 'Unable to resolve the request "sites/97934/data/images/2015/1/15330702_1.350.300.jpg".' in C:\xampp\htdocs\heattransfer\heattransfer\php_code\framework\web\CWebApplication.php:287
Stack trace:
#0 C:\xampp\htdocs\heattransfer\heattransfer\php_code\framework\web\CWebApplication.php(142): CWebApplication->runController('sites/97934/dat...')
#1 C:\xampp\htdocs\heattransfer\heattransfer\php_code\framework\base\CApplication.php(162): CWebApplication->processRequest()
#2 C:\xampp\htdocs\heattransfer\heattransfer\php_code\public_html\index.php(12): CApplication->run()
#3 {main}
REQUEST_URI=/sites/97934/data/images/2015/1/15330702_1.350.300.jpg
HTTP_REFERER=http://heattransfer.tam/san-pham.html
---
2015/08/12 17:10:12 [error] [exception.CHttpException.404] exception 'CHttpException' with message 'Unable to resolve the request "sites/97934/data/images/2015/1/35320602_77.350.300.jpg'".' in C:\xampp\htdocs\heattransfer\heattransfer\php_code\framework\web\CWebApplication.php:287
Stack trace:
#0 C:\xampp\htdocs\heattransfer\heattransfer\php_code\framework\web\CWebApplication.php(142): CWebApplication->runController('sites/97934/dat...')
#1 C:\xampp\htdocs\heattransfer\heattransfer\php_code\framework\base\CApplication.php(162): CWebApplication->processRequest()
#2 C:\xampp\htdocs\heattransfer\heattransfer\php_code\public_html\index.php(12): CApplication->run()
#3 {main}
REQUEST_URI=/sites/97934/data/images/2015/1/35320602_77.350.300.jpg'
HTTP_REFERER=http://heattransfer.tam/san-pham.html
---
2015/08/12 17:10:21 [error] [exception.CHttpException.404] exception 'CHttpException' with message 'Unable to resolve the request "sites/97934/data/images/2015/1/35320602_77.350.300.jpg'".' in C:\xampp\htdocs\heattransfer\heattransfer\php_code\framework\web\CWebApplication.php:287
Stack trace:
#0 C:\xampp\htdocs\heattransfer\heattransfer\php_code\framework\web\CWebApplication.php(142): CWebApplication->runController('sites/97934/dat...')
#1 C:\xampp\htdocs\heattransfer\heattransfer\php_code\framework\base\CApplication.php(162): CWebApplication->processRequest()
#2 C:\xampp\htdocs\heattransfer\heattransfer\php_code\public_html\index.php(12): CApplication->run()
#3 {main}
REQUEST_URI=/sites/97934/data/images/2015/1/35320602_77.350.300.jpg'
HTTP_REFERER=http://heattransfer.tam/san-pham.html
---
2015/08/12 17:10:22 [error] [exception.CHttpException.404] exception 'CHttpException' with message 'Unable to resolve the request "sites/97934/data/images/2015/1/35320602_77.350.300.jpg'".' in C:\xampp\htdocs\heattransfer\heattransfer\php_code\framework\web\CWebApplication.php:287
Stack trace:
#0 C:\xampp\htdocs\heattransfer\heattransfer\php_code\framework\web\CWebApplication.php(142): CWebApplication->runController('sites/97934/dat...')
#1 C:\xampp\htdocs\heattransfer\heattransfer\php_code\framework\base\CApplication.php(162): CWebApplication->processRequest()
#2 C:\xampp\htdocs\heattransfer\heattransfer\php_code\public_html\index.php(12): CApplication->run()
#3 {main}
REQUEST_URI=/sites/97934/data/images/2015/1/35320602_77.350.300.jpg'
HTTP_REFERER=http://heattransfer.tam/san-pham.html
---
2015/08/12 17:10:24 [error] [exception.CHttpException.404] exception 'CHttpException' with message 'Unable to resolve the request "sites/97934/data/images/2015/1/35320602_77.350.300.jpg'".' in C:\xampp\htdocs\heattransfer\heattransfer\php_code\framework\web\CWebApplication.php:287
Stack trace:
#0 C:\xampp\htdocs\heattransfer\heattransfer\php_code\framework\web\CWebApplication.php(142): CWebApplication->runController('sites/97934/dat...')
#1 C:\xampp\htdocs\heattransfer\heattransfer\php_code\framework\base\CApplication.php(162): CWebApplication->processRequest()
#2 C:\xampp\htdocs\heattransfer\heattransfer\php_code\public_html\index.php(12): CApplication->run()
#3 {main}
REQUEST_URI=/sites/97934/data/images/2015/1/35320602_77.350.300.jpg'
HTTP_REFERER=http://heattransfer.tam/san-pham.html
---
2015/08/12 17:10:25 [error] [exception.CHttpException.404] exception 'CHttpException' with message 'Unable to resolve the request "sites/97934/data/images/2015/1/35320602_77.350.300.jpg'".' in C:\xampp\htdocs\heattransfer\heattransfer\php_code\framework\web\CWebApplication.php:287
Stack trace:
#0 C:\xampp\htdocs\heattransfer\heattransfer\php_code\framework\web\CWebApplication.php(142): CWebApplication->runController('sites/97934/dat...')
#1 C:\xampp\htdocs\heattransfer\heattransfer\php_code\framework\base\CApplication.php(162): CWebApplication->processRequest()
#2 C:\xampp\htdocs\heattransfer\heattransfer\php_code\public_html\index.php(12): CApplication->run()
#3 {main}
REQUEST_URI=/sites/97934/data/images/2015/1/35320602_77.350.300.jpg'
HTTP_REFERER=http://heattransfer.tam/san-pham.html
---
2015/08/12 17:10:26 [error] [exception.CHttpException.404] exception 'CHttpException' with message 'Unable to resolve the request "sites/97934/data/images/2015/1/35320602_77.350.300.jpg'".' in C:\xampp\htdocs\heattransfer\heattransfer\php_code\framework\web\CWebApplication.php:287
Stack trace:
#0 C:\xampp\htdocs\heattransfer\heattransfer\php_code\framework\web\CWebApplication.php(142): CWebApplication->runController('sites/97934/dat...')
#1 C:\xampp\htdocs\heattransfer\heattransfer\php_code\framework\base\CApplication.php(162): CWebApplication->processRequest()
#2 C:\xampp\htdocs\heattransfer\heattransfer\php_code\public_html\index.php(12): CApplication->run()
#3 {main}
REQUEST_URI=/sites/97934/data/images/2015/1/35320602_77.350.300.jpg'
HTTP_REFERER=http://heattransfer.tam/san-pham.html
---
2015/08/12 17:10:27 [error] [exception.CHttpException.404] exception 'CHttpException' with message 'Unable to resolve the request "sites/97934/data/images/2015/1/35320602_77.350.300.jpg'".' in C:\xampp\htdocs\heattransfer\heattransfer\php_code\framework\web\CWebApplication.php:287
Stack trace:
#0 C:\xampp\htdocs\heattransfer\heattransfer\php_code\framework\web\CWebApplication.php(142): CWebApplication->runController('sites/97934/dat...')
#1 C:\xampp\htdocs\heattransfer\heattransfer\php_code\framework\base\CApplication.php(162): CWebApplication->processRequest()
#2 C:\xampp\htdocs\heattransfer\heattransfer\php_code\public_html\index.php(12): CApplication->run()
#3 {main}
REQUEST_URI=/sites/97934/data/images/2015/1/35320602_77.350.300.jpg'
HTTP_REFERER=http://heattransfer.tam/san-pham.html
---
2015/08/12 17:11:07 [error] [exception.CHttpException.404] exception 'CHttpException' with message 'Unable to resolve the request "sites/97934/data/images/2015/1/35320602_77.350.300.jpg'".' in C:\xampp\htdocs\heattransfer\heattransfer\php_code\framework\web\CWebApplication.php:287
Stack trace:
#0 C:\xampp\htdocs\heattransfer\heattransfer\php_code\framework\web\CWebApplication.php(142): CWebApplication->runController('sites/97934/dat...')
#1 C:\xampp\htdocs\heattransfer\heattransfer\php_code\framework\base\CApplication.php(162): CWebApplication->processRequest()
#2 C:\xampp\htdocs\heattransfer\heattransfer\php_code\public_html\index.php(12): CApplication->run()
#3 {main}
REQUEST_URI=/sites/97934/data/images/2015/1/35320602_77.350.300.jpg'
HTTP_REFERER=http://heattransfer.tam/san-pham.html
---
2015/08/12 17:11:08 [error] [exception.CHttpException.404] exception 'CHttpException' with message 'Unable to resolve the request "sites/97934/data/images/2015/1/35320602_77.350.300.jpg'".' in C:\xampp\htdocs\heattransfer\heattransfer\php_code\framework\web\CWebApplication.php:287
Stack trace:
#0 C:\xampp\htdocs\heattransfer\heattransfer\php_code\framework\web\CWebApplication.php(142): CWebApplication->runController('sites/97934/dat...')
#1 C:\xampp\htdocs\heattransfer\heattransfer\php_code\framework\base\CApplication.php(162): CWebApplication->processRequest()
#2 C:\xampp\htdocs\heattransfer\heattransfer\php_code\public_html\index.php(12): CApplication->run()
#3 {main}
REQUEST_URI=/sites/97934/data/images/2015/1/35320602_77.350.300.jpg'
HTTP_REFERER=http://heattransfer.tam/san-pham.html
---
2015/08/12 17:11:10 [error] [exception.CHttpException.404] exception 'CHttpException' with message 'Unable to resolve the request "sites/97934/data/images/2015/1/35320602_77.350.300.jpg'".' in C:\xampp\htdocs\heattransfer\heattransfer\php_code\framework\web\CWebApplication.php:287
Stack trace:
#0 C:\xampp\htdocs\heattransfer\heattransfer\php_code\framework\web\CWebApplication.php(142): CWebApplication->runController('sites/97934/dat...')
#1 C:\xampp\htdocs\heattransfer\heattransfer\php_code\framework\base\CApplication.php(162): CWebApplication->processRequest()
#2 C:\xampp\htdocs\heattransfer\heattransfer\php_code\public_html\index.php(12): CApplication->run()
#3 {main}
REQUEST_URI=/sites/97934/data/images/2015/1/35320602_77.350.300.jpg'
HTTP_REFERER=http://heattransfer.tam/san-pham.html
---
2015/08/12 17:11:11 [error] [exception.CHttpException.404] exception 'CHttpException' with message 'Unable to resolve the request "sites/97934/data/images/2015/1/35320602_77.350.300.jpg'".' in C:\xampp\htdocs\heattransfer\heattransfer\php_code\framework\web\CWebApplication.php:287
Stack trace:
#0 C:\xampp\htdocs\heattransfer\heattransfer\php_code\framework\web\CWebApplication.php(142): CWebApplication->runController('sites/97934/dat...')
#1 C:\xampp\htdocs\heattransfer\heattransfer\php_code\framework\base\CApplication.php(162): CWebApplication->processRequest()
#2 C:\xampp\htdocs\heattransfer\heattransfer\php_code\public_html\index.php(12): CApplication->run()
#3 {main}
REQUEST_URI=/sites/97934/data/images/2015/1/35320602_77.350.300.jpg'
HTTP_REFERER=http://heattransfer.tam/san-pham.html
---
2015/08/12 17:11:12 [error] [exception.CHttpException.404] exception 'CHttpException' with message 'Unable to resolve the request "sites/97934/data/images/2015/1/35320602_77.350.300.jpg'".' in C:\xampp\htdocs\heattransfer\heattransfer\php_code\framework\web\CWebApplication.php:287
Stack trace:
#0 C:\xampp\htdocs\heattransfer\heattransfer\php_code\framework\web\CWebApplication.php(142): CWebApplication->runController('sites/97934/dat...')
#1 C:\xampp\htdocs\heattransfer\heattransfer\php_code\framework\base\CApplication.php(162): CWebApplication->processRequest()
#2 C:\xampp\htdocs\heattransfer\heattransfer\php_code\public_html\index.php(12): CApplication->run()
#3 {main}
REQUEST_URI=/sites/97934/data/images/2015/1/35320602_77.350.300.jpg'
HTTP_REFERER=http://heattransfer.tam/san-pham.html
---
2015/08/12 17:11:14 [error] [exception.CHttpException.404] exception 'CHttpException' with message 'Unable to resolve the request "sites/97934/data/images/2015/1/35320602_77.350.300.jpg'".' in C:\xampp\htdocs\heattransfer\heattransfer\php_code\framework\web\CWebApplication.php:287
Stack trace:
#0 C:\xampp\htdocs\heattransfer\heattransfer\php_code\framework\web\CWebApplication.php(142): CWebApplication->runController('sites/97934/dat...')
#1 C:\xampp\htdocs\heattransfer\heattransfer\php_code\framework\base\CApplication.php(162): CWebApplication->processRequest()
#2 C:\xampp\htdocs\heattransfer\heattransfer\php_code\public_html\index.php(12): CApplication->run()
#3 {main}
REQUEST_URI=/sites/97934/data/images/2015/1/35320602_77.350.300.jpg'
HTTP_REFERER=http://heattransfer.tam/san-pham.html
---
2015/08/12 17:11:17 [error] [exception.CHttpException.404] exception 'CHttpException' with message 'Unable to resolve the request "sites/97934/data/images/2015/1/35320602_77.350.300.jpg'".' in C:\xampp\htdocs\heattransfer\heattransfer\php_code\framework\web\CWebApplication.php:287
Stack trace:
#0 C:\xampp\htdocs\heattransfer\heattransfer\php_code\framework\web\CWebApplication.php(142): CWebApplication->runController('sites/97934/dat...')
#1 C:\xampp\htdocs\heattransfer\heattransfer\php_code\framework\base\CApplication.php(162): CWebApplication->processRequest()
#2 C:\xampp\htdocs\heattransfer\heattransfer\php_code\public_html\index.php(12): CApplication->run()
#3 {main}
REQUEST_URI=/sites/97934/data/images/2015/1/35320602_77.350.300.jpg'
HTTP_REFERER=http://heattransfer.tam/san-pham.html
---
2015/08/12 17:11:17 [error] [exception.CHttpException.404] exception 'CHttpException' with message 'Unable to resolve the request "sites/97934/data/images/2015/1/35320602_77.350.300.jpg'".' in C:\xampp\htdocs\heattransfer\heattransfer\php_code\framework\web\CWebApplication.php:287
Stack trace:
#0 C:\xampp\htdocs\heattransfer\heattransfer\php_code\framework\web\CWebApplication.php(142): CWebApplication->runController('sites/97934/dat...')
#1 C:\xampp\htdocs\heattransfer\heattransfer\php_code\framework\base\CApplication.php(162): CWebApplication->processRequest()
#2 C:\xampp\htdocs\heattransfer\heattransfer\php_code\public_html\index.php(12): CApplication->run()
#3 {main}
REQUEST_URI=/sites/97934/data/images/2015/1/35320602_77.350.300.jpg'
HTTP_REFERER=http://heattransfer.tam/san-pham.html
---
2015/08/12 17:11:19 [error] [exception.CHttpException.404] exception 'CHttpException' with message 'Unable to resolve the request "sites/97934/data/images/2015/1/35320602_77.350.300.jpg'".' in C:\xampp\htdocs\heattransfer\heattransfer\php_code\framework\web\CWebApplication.php:287
Stack trace:
#0 C:\xampp\htdocs\heattransfer\heattransfer\php_code\framework\web\CWebApplication.php(142): CWebApplication->runController('sites/97934/dat...')
#1 C:\xampp\htdocs\heattransfer\heattransfer\php_code\framework\base\CApplication.php(162): CWebApplication->processRequest()
#2 C:\xampp\htdocs\heattransfer\heattransfer\php_code\public_html\index.php(12): CApplication->run()
#3 {main}
REQUEST_URI=/sites/97934/data/images/2015/1/35320602_77.350.300.jpg'
HTTP_REFERER=http://heattransfer.tam/san-pham.html
---
2015/08/12 17:16:44 [error] [exception.CHttpException.404] exception 'CHttpException' with message 'Unable to resolve the request "sites/97934/data/images/2015/1/35320602_77.350.300.jpg'".' in C:\xampp\htdocs\heattransfer\heattransfer\php_code\framework\web\CWebApplication.php:287
Stack trace:
#0 C:\xampp\htdocs\heattransfer\heattransfer\php_code\framework\web\CWebApplication.php(142): CWebApplication->runController('sites/97934/dat...')
#1 C:\xampp\htdocs\heattransfer\heattransfer\php_code\framework\base\CApplication.php(162): CWebApplication->processRequest()
#2 C:\xampp\htdocs\heattransfer\heattransfer\php_code\public_html\index.php(12): CApplication->run()
#3 {main}
REQUEST_URI=/sites/97934/data/images/2015/1/35320602_77.350.300.jpg'
HTTP_REFERER=http://heattransfer.tam/san-pham.html
---
2015/08/12 17:16:47 [error] [exception.CHttpException.404] exception 'CHttpException' with message 'Unable to resolve the request "sites/97934/data/images/2015/1/35320602_77.350.300.jpg".' in C:\xampp\htdocs\heattransfer\heattransfer\php_code\framework\web\CWebApplication.php:287
Stack trace:
#0 C:\xampp\htdocs\heattransfer\heattransfer\php_code\framework\web\CWebApplication.php(142): CWebApplication->runController('sites/97934/dat...')
#1 C:\xampp\htdocs\heattransfer\heattransfer\php_code\framework\base\CApplication.php(162): CWebApplication->processRequest()
#2 C:\xampp\htdocs\heattransfer\heattransfer\php_code\public_html\index.php(12): CApplication->run()
#3 {main}
REQUEST_URI=/sites/97934/data/images/2015/1/35320602_77.350.300.jpg
HTTP_REFERER=http://heattransfer.tam/san-pham.html
---
2015/08/12 17:16:49 [error] [exception.CHttpException.404] exception 'CHttpException' with message 'Unable to resolve the request "sites/97934/data/images/2015/1/35320602_77.350.300.jpg".' in C:\xampp\htdocs\heattransfer\heattransfer\php_code\framework\web\CWebApplication.php:287
Stack trace:
#0 C:\xampp\htdocs\heattransfer\heattransfer\php_code\framework\web\CWebApplication.php(142): CWebApplication->runController('sites/97934/dat...')
#1 C:\xampp\htdocs\heattransfer\heattransfer\php_code\framework\base\CApplication.php(162): CWebApplication->processRequest()
#2 C:\xampp\htdocs\heattransfer\heattransfer\php_code\public_html\index.php(12): CApplication->run()
#3 {main}
REQUEST_URI=/sites/97934/data/images/2015/1/35320602_77.350.300.jpg
HTTP_REFERER=http://heattransfer.tam/san-pham.html
---
2015/08/12 17:16:52 [error] [exception.CHttpException.404] exception 'CHttpException' with message 'Unable to resolve the request "sites/97934/data/images/2015/1/35320602_77.350.300.jpg".' in C:\xampp\htdocs\heattransfer\heattransfer\php_code\framework\web\CWebApplication.php:287
Stack trace:
#0 C:\xampp\htdocs\heattransfer\heattransfer\php_code\framework\web\CWebApplication.php(142): CWebApplication->runController('sites/97934/dat...')
#1 C:\xampp\htdocs\heattransfer\heattransfer\php_code\framework\base\CApplication.php(162): CWebApplication->processRequest()
#2 C:\xampp\htdocs\heattransfer\heattransfer\php_code\public_html\index.php(12): CApplication->run()
#3 {main}
REQUEST_URI=/sites/97934/data/images/2015/1/35320602_77.350.300.jpg
HTTP_REFERER=http://heattransfer.tam/san-pham.html
---
2015/08/12 17:16:54 [error] [exception.CHttpException.404] exception 'CHttpException' with message 'Unable to resolve the request "sites/97934/data/images/2015/1/35320602_77.350.300.jpg".' in C:\xampp\htdocs\heattransfer\heattransfer\php_code\framework\web\CWebApplication.php:287
Stack trace:
#0 C:\xampp\htdocs\heattransfer\heattransfer\php_code\framework\web\CWebApplication.php(142): CWebApplication->runController('sites/97934/dat...')
#1 C:\xampp\htdocs\heattransfer\heattransfer\php_code\framework\base\CApplication.php(162): CWebApplication->processRequest()
#2 C:\xampp\htdocs\heattransfer\heattransfer\php_code\public_html\index.php(12): CApplication->run()
#3 {main}
REQUEST_URI=/sites/97934/data/images/2015/1/35320602_77.350.300.jpg
HTTP_REFERER=http://heattransfer.tam/san-pham.html
---
2015/08/12 17:16:58 [error] [exception.CHttpException.404] exception 'CHttpException' with message 'Unable to resolve the request "sites/97934/data/images/2015/1/35320602_77.350.300.jpg".' in C:\xampp\htdocs\heattransfer\heattransfer\php_code\framework\web\CWebApplication.php:287
Stack trace:
#0 C:\xampp\htdocs\heattransfer\heattransfer\php_code\framework\web\CWebApplication.php(142): CWebApplication->runController('sites/97934/dat...')
#1 C:\xampp\htdocs\heattransfer\heattransfer\php_code\framework\base\CApplication.php(162): CWebApplication->processRequest()
#2 C:\xampp\htdocs\heattransfer\heattransfer\php_code\public_html\index.php(12): CApplication->run()
#3 {main}
REQUEST_URI=/sites/97934/data/images/2015/1/35320602_77.350.300.jpg
HTTP_REFERER=http://heattransfer.tam/san-pham.html
---
2015/08/12 17:18:20 [error] [exception.CHttpException.404] exception 'CHttpException' with message 'Unable to resolve the request "sites/105544/Skins/Ecom01/images/saleflag.png".' in C:\xampp\htdocs\heattransfer\heattransfer\php_code\framework\web\CWebApplication.php:287
Stack trace:
#0 C:\xampp\htdocs\heattransfer\heattransfer\php_code\framework\web\CWebApplication.php(142): CWebApplication->runController('sites/105544/Sk...')
#1 C:\xampp\htdocs\heattransfer\heattransfer\php_code\framework\base\CApplication.php(162): CWebApplication->processRequest()
#2 C:\xampp\htdocs\heattransfer\heattransfer\php_code\public_html\index.php(12): CApplication->run()
#3 {main}
REQUEST_URI=/sites/105544/Skins/Ecom01/images/saleflag.png
HTTP_REFERER=http://heattransfer.tam/sites/105544/Skins/Ecom01/style.css
---
2015/08/12 17:18:21 [error] [exception.CHttpException.404] exception 'CHttpException' with message 'Unable to resolve the request "sites/97934/data/images/2015/1/35320602_77.350.300.jpg'".' in C:\xampp\htdocs\heattransfer\heattransfer\php_code\framework\web\CWebApplication.php:287
Stack trace:
#0 C:\xampp\htdocs\heattransfer\heattransfer\php_code\framework\web\CWebApplication.php(142): CWebApplication->runController('sites/97934/dat...')
#1 C:\xampp\htdocs\heattransfer\heattransfer\php_code\framework\base\CApplication.php(162): CWebApplication->processRequest()
#2 C:\xampp\htdocs\heattransfer\heattransfer\php_code\public_html\index.php(12): CApplication->run()
#3 {main}
REQUEST_URI=/sites/97934/data/images/2015/1/35320602_77.350.300.jpg'
HTTP_REFERER=http://heattransfer.tam/san-pham.html
---
2015/08/12 17:18:23 [error] [exception.CHttpException.404] exception 'CHttpException' with message 'Unable to resolve the request "sites/97934/data/images/2015/1/35320602_77.350.300.jpg'".' in C:\xampp\htdocs\heattransfer\heattransfer\php_code\framework\web\CWebApplication.php:287
Stack trace:
#0 C:\xampp\htdocs\heattransfer\heattransfer\php_code\framework\web\CWebApplication.php(142): CWebApplication->runController('sites/97934/dat...')
#1 C:\xampp\htdocs\heattransfer\heattransfer\php_code\framework\base\CApplication.php(162): CWebApplication->processRequest()
#2 C:\xampp\htdocs\heattransfer\heattransfer\php_code\public_html\index.php(12): CApplication->run()
#3 {main}
REQUEST_URI=/sites/97934/data/images/2015/1/35320602_77.350.300.jpg'
HTTP_REFERER=http://heattransfer.tam/san-pham.html
---
2015/08/12 17:18:49 [error] [exception.CHttpException.404] exception 'CHttpException' with message 'Unable to resolve the request "sites/105544/Skins/Ecom01/images/saleflag.png".' in C:\xampp\htdocs\heattransfer\heattransfer\php_code\framework\web\CWebApplication.php:287
Stack trace:
#0 C:\xampp\htdocs\heattransfer\heattransfer\php_code\framework\web\CWebApplication.php(142): CWebApplication->runController('sites/105544/Sk...')
#1 C:\xampp\htdocs\heattransfer\heattransfer\php_code\framework\base\CApplication.php(162): CWebApplication->processRequest()
#2 C:\xampp\htdocs\heattransfer\heattransfer\php_code\public_html\index.php(12): CApplication->run()
#3 {main}
REQUEST_URI=/sites/105544/Skins/Ecom01/images/saleflag.png
HTTP_REFERER=http://heattransfer.tam/sites/105544/Skins/Ecom01/style.css
---
2015/08/12 17:18:50 [error] [exception.CHttpException.404] exception 'CHttpException' with message 'Unable to resolve the request "sites/97934/data/images/2015/1/35320602_77.350.300.jpg'".' in C:\xampp\htdocs\heattransfer\heattransfer\php_code\framework\web\CWebApplication.php:287
Stack trace:
#0 C:\xampp\htdocs\heattransfer\heattransfer\php_code\framework\web\CWebApplication.php(142): CWebApplication->runController('sites/97934/dat...')
#1 C:\xampp\htdocs\heattransfer\heattransfer\php_code\framework\base\CApplication.php(162): CWebApplication->processRequest()
#2 C:\xampp\htdocs\heattransfer\heattransfer\php_code\public_html\index.php(12): CApplication->run()
#3 {main}
REQUEST_URI=/sites/97934/data/images/2015/1/35320602_77.350.300.jpg'
HTTP_REFERER=http://heattransfer.tam/san-pham.html
---
2015/08/12 17:18:51 [error] [exception.CHttpException.404] exception 'CHttpException' with message 'Unable to resolve the request "sites/97934/data/images/2015/1/35320602_77.350.300.jpg'".' in C:\xampp\htdocs\heattransfer\heattransfer\php_code\framework\web\CWebApplication.php:287
Stack trace:
#0 C:\xampp\htdocs\heattransfer\heattransfer\php_code\framework\web\CWebApplication.php(142): CWebApplication->runController('sites/97934/dat...')
#1 C:\xampp\htdocs\heattransfer\heattransfer\php_code\framework\base\CApplication.php(162): CWebApplication->processRequest()
#2 C:\xampp\htdocs\heattransfer\heattransfer\php_code\public_html\index.php(12): CApplication->run()
#3 {main}
REQUEST_URI=/sites/97934/data/images/2015/1/35320602_77.350.300.jpg'
HTTP_REFERER=http://heattransfer.tam/san-pham.html
---
2015/08/12 17:18:52 [error] [exception.CHttpException.404] exception 'CHttpException' with message 'Unable to resolve the request "sites/97934/data/images/2015/1/35320602_77.350.300.jpg'".' in C:\xampp\htdocs\heattransfer\heattransfer\php_code\framework\web\CWebApplication.php:287
Stack trace:
#0 C:\xampp\htdocs\heattransfer\heattransfer\php_code\framework\web\CWebApplication.php(142): CWebApplication->runController('sites/97934/dat...')
#1 C:\xampp\htdocs\heattransfer\heattransfer\php_code\framework\base\CApplication.php(162): CWebApplication->processRequest()
#2 C:\xampp\htdocs\heattransfer\heattransfer\php_code\public_html\index.php(12): CApplication->run()
#3 {main}
REQUEST_URI=/sites/97934/data/images/2015/1/35320602_77.350.300.jpg'
HTTP_REFERER=http://heattransfer.tam/san-pham.html
---
2015/08/12 17:18:54 [error] [exception.CHttpException.404] exception 'CHttpException' with message 'Unable to resolve the request "sites/97934/data/images/2015/1/35320602_77.350.300.jpg'".' in C:\xampp\htdocs\heattransfer\heattransfer\php_code\framework\web\CWebApplication.php:287
Stack trace:
#0 C:\xampp\htdocs\heattransfer\heattransfer\php_code\framework\web\CWebApplication.php(142): CWebApplication->runController('sites/97934/dat...')
#1 C:\xampp\htdocs\heattransfer\heattransfer\php_code\framework\base\CApplication.php(162): CWebApplication->processRequest()
#2 C:\xampp\htdocs\heattransfer\heattransfer\php_code\public_html\index.php(12): CApplication->run()
#3 {main}
REQUEST_URI=/sites/97934/data/images/2015/1/35320602_77.350.300.jpg'
HTTP_REFERER=http://heattransfer.tam/san-pham.html
---
2015/08/12 17:18:54 [error] [exception.CHttpException.404] exception 'CHttpException' with message 'Unable to resolve the request "sites/97934/data/images/2015/1/35320602_77.350.300.jpg'".' in C:\xampp\htdocs\heattransfer\heattransfer\php_code\framework\web\CWebApplication.php:287
Stack trace:
#0 C:\xampp\htdocs\heattransfer\heattransfer\php_code\framework\web\CWebApplication.php(142): CWebApplication->runController('sites/97934/dat...')
#1 C:\xampp\htdocs\heattransfer\heattransfer\php_code\framework\base\CApplication.php(162): CWebApplication->processRequest()
#2 C:\xampp\htdocs\heattransfer\heattransfer\php_code\public_html\index.php(12): CApplication->run()
#3 {main}
REQUEST_URI=/sites/97934/data/images/2015/1/35320602_77.350.300.jpg'
HTTP_REFERER=http://heattransfer.tam/san-pham.html
---
2015/08/12 17:18:54 [error] [exception.CHttpException.404] exception 'CHttpException' with message 'Unable to resolve the request "sites/105544/Skins/Ecom01/images/saleflag.png".' in C:\xampp\htdocs\heattransfer\heattransfer\php_code\framework\web\CWebApplication.php:287
Stack trace:
#0 C:\xampp\htdocs\heattransfer\heattransfer\php_code\framework\web\CWebApplication.php(142): CWebApplication->runController('sites/105544/Sk...')
#1 C:\xampp\htdocs\heattransfer\heattransfer\php_code\framework\base\CApplication.php(162): CWebApplication->processRequest()
#2 C:\xampp\htdocs\heattransfer\heattransfer\php_code\public_html\index.php(12): CApplication->run()
#3 {main}
REQUEST_URI=/sites/105544/Skins/Ecom01/images/saleflag.png
HTTP_REFERER=http://heattransfer.tam/sites/105544/Skins/Ecom01/style.css
---
2015/08/12 17:18:55 [error] [exception.CHttpException.404] exception 'CHttpException' with message 'Unable to resolve the request "sites/97934/data/images/2015/1/35320602_77.350.300.jpg'".' in C:\xampp\htdocs\heattransfer\heattransfer\php_code\framework\web\CWebApplication.php:287
Stack trace:
#0 C:\xampp\htdocs\heattransfer\heattransfer\php_code\framework\web\CWebApplication.php(142): CWebApplication->runController('sites/97934/dat...')
#1 C:\xampp\htdocs\heattransfer\heattransfer\php_code\framework\base\CApplication.php(162): CWebApplication->processRequest()
#2 C:\xampp\htdocs\heattransfer\heattransfer\php_code\public_html\index.php(12): CApplication->run()
#3 {main}
REQUEST_URI=/sites/97934/data/images/2015/1/35320602_77.350.300.jpg'
HTTP_REFERER=http://heattransfer.tam/san-pham.html
---
2015/08/12 17:18:55 [error] [exception.CHttpException.404] exception 'CHttpException' with message 'Unable to resolve the request "sites/97934/data/images/2015/1/35320602_77.350.300.jpg'".' in C:\xampp\htdocs\heattransfer\heattransfer\php_code\framework\web\CWebApplication.php:287
Stack trace:
#0 C:\xampp\htdocs\heattransfer\heattransfer\php_code\framework\web\CWebApplication.php(142): CWebApplication->runController('sites/97934/dat...')
#1 C:\xampp\htdocs\heattransfer\heattransfer\php_code\framework\base\CApplication.php(162): CWebApplication->processRequest()
#2 C:\xampp\htdocs\heattransfer\heattransfer\php_code\public_html\index.php(12): CApplication->run()
#3 {main}
REQUEST_URI=/sites/97934/data/images/2015/1/35320602_77.350.300.jpg'
HTTP_REFERER=http://heattransfer.tam/san-pham.html
---
2015/08/12 17:18:55 [error] [exception.CHttpException.404] exception 'CHttpException' with message 'Unable to resolve the request "sites/97934/data/images/2015/1/35320602_77.350.300.jpg'".' in C:\xampp\htdocs\heattransfer\heattransfer\php_code\framework\web\CWebApplication.php:287
Stack trace:
#0 C:\xampp\htdocs\heattransfer\heattransfer\php_code\framework\web\CWebApplication.php(142): CWebApplication->runController('sites/97934/dat...')
#1 C:\xampp\htdocs\heattransfer\heattransfer\php_code\framework\base\CApplication.php(162): CWebApplication->processRequest()
#2 C:\xampp\htdocs\heattransfer\heattransfer\php_code\public_html\index.php(12): CApplication->run()
#3 {main}
REQUEST_URI=/sites/97934/data/images/2015/1/35320602_77.350.300.jpg'
HTTP_REFERER=http://heattransfer.tam/san-pham.html
---
2015/08/12 17:18:57 [error] [exception.CHttpException.404] exception 'CHttpException' with message 'Unable to resolve the request "sites/97934/data/images/2015/1/35320602_77.350.300.jpg'".' in C:\xampp\htdocs\heattransfer\heattransfer\php_code\framework\web\CWebApplication.php:287
Stack trace:
#0 C:\xampp\htdocs\heattransfer\heattransfer\php_code\framework\web\CWebApplication.php(142): CWebApplication->runController('sites/97934/dat...')
#1 C:\xampp\htdocs\heattransfer\heattransfer\php_code\framework\base\CApplication.php(162): CWebApplication->processRequest()
#2 C:\xampp\htdocs\heattransfer\heattransfer\php_code\public_html\index.php(12): CApplication->run()
#3 {main}
REQUEST_URI=/sites/97934/data/images/2015/1/35320602_77.350.300.jpg'
HTTP_REFERER=http://heattransfer.tam/san-pham.html
---
2015/08/12 17:18:58 [error] [exception.CHttpException.404] exception 'CHttpException' with message 'Unable to resolve the request "sites/97934/data/images/2015/1/35320602_77.350.300.jpg'".' in C:\xampp\htdocs\heattransfer\heattransfer\php_code\framework\web\CWebApplication.php:287
Stack trace:
#0 C:\xampp\htdocs\heattransfer\heattransfer\php_code\framework\web\CWebApplication.php(142): CWebApplication->runController('sites/97934/dat...')
#1 C:\xampp\htdocs\heattransfer\heattransfer\php_code\framework\base\CApplication.php(162): CWebApplication->processRequest()
#2 C:\xampp\htdocs\heattransfer\heattransfer\php_code\public_html\index.php(12): CApplication->run()
#3 {main}
REQUEST_URI=/sites/97934/data/images/2015/1/35320602_77.350.300.jpg'
HTTP_REFERER=http://heattransfer.tam/san-pham.html
---
2015/08/12 17:18:58 [error] [exception.CHttpException.404] exception 'CHttpException' with message 'Unable to resolve the request "sites/97934/data/images/2015/1/35320602_77.350.300.jpg'".' in C:\xampp\htdocs\heattransfer\heattransfer\php_code\framework\web\CWebApplication.php:287
Stack trace:
#0 C:\xampp\htdocs\heattransfer\heattransfer\php_code\framework\web\CWebApplication.php(142): CWebApplication->runController('sites/97934/dat...')
#1 C:\xampp\htdocs\heattransfer\heattransfer\php_code\framework\base\CApplication.php(162): CWebApplication->processRequest()
#2 C:\xampp\htdocs\heattransfer\heattransfer\php_code\public_html\index.php(12): CApplication->run()
#3 {main}
REQUEST_URI=/sites/97934/data/images/2015/1/35320602_77.350.300.jpg'
HTTP_REFERER=http://heattransfer.tam/san-pham.html
---
2015/08/12 17:19:00 [error] [exception.CHttpException.404] exception 'CHttpException' with message 'Unable to resolve the request "sites/97934/data/images/2015/1/35320602_77.350.300.jpg'".' in C:\xampp\htdocs\heattransfer\heattransfer\php_code\framework\web\CWebApplication.php:287
Stack trace:
#0 C:\xampp\htdocs\heattransfer\heattransfer\php_code\framework\web\CWebApplication.php(142): CWebApplication->runController('sites/97934/dat...')
#1 C:\xampp\htdocs\heattransfer\heattransfer\php_code\framework\base\CApplication.php(162): CWebApplication->processRequest()
#2 C:\xampp\htdocs\heattransfer\heattransfer\php_code\public_html\index.php(12): CApplication->run()
#3 {main}
REQUEST_URI=/sites/97934/data/images/2015/1/35320602_77.350.300.jpg'
HTTP_REFERER=http://heattransfer.tam/san-pham.html
---
2015/08/12 17:19:00 [error] [exception.CHttpException.404] exception 'CHttpException' with message 'Unable to resolve the request "sites/97934/data/images/2015/1/35320602_77.350.300.jpg'".' in C:\xampp\htdocs\heattransfer\heattransfer\php_code\framework\web\CWebApplication.php:287
Stack trace:
#0 C:\xampp\htdocs\heattransfer\heattransfer\php_code\framework\web\CWebApplication.php(142): CWebApplication->runController('sites/97934/dat...')
#1 C:\xampp\htdocs\heattransfer\heattransfer\php_code\framework\base\CApplication.php(162): CWebApplication->processRequest()
#2 C:\xampp\htdocs\heattransfer\heattransfer\php_code\public_html\index.php(12): CApplication->run()
#3 {main}
REQUEST_URI=/sites/97934/data/images/2015/1/35320602_77.350.300.jpg'
HTTP_REFERER=http://heattransfer.tam/san-pham.html
---
2015/08/12 17:19:01 [error] [exception.CHttpException.404] exception 'CHttpException' with message 'Unable to resolve the request "sites/97934/data/images/2015/1/35320602_77.350.300.jpg'".' in C:\xampp\htdocs\heattransfer\heattransfer\php_code\framework\web\CWebApplication.php:287
Stack trace:
#0 C:\xampp\htdocs\heattransfer\heattransfer\php_code\framework\web\CWebApplication.php(142): CWebApplication->runController('sites/97934/dat...')
#1 C:\xampp\htdocs\heattransfer\heattransfer\php_code\framework\base\CApplication.php(162): CWebApplication->processRequest()
#2 C:\xampp\htdocs\heattransfer\heattransfer\php_code\public_html\index.php(12): CApplication->run()
#3 {main}
REQUEST_URI=/sites/97934/data/images/2015/1/35320602_77.350.300.jpg'
HTTP_REFERER=http://heattransfer.tam/san-pham.html
---
2015/08/12 17:19:01 [error] [exception.CHttpException.404] exception 'CHttpException' with message 'Unable to resolve the request "sites/97934/data/images/2015/1/35320602_77.350.300.jpg'".' in C:\xampp\htdocs\heattransfer\heattransfer\php_code\framework\web\CWebApplication.php:287
Stack trace:
#0 C:\xampp\htdocs\heattransfer\heattransfer\php_code\framework\web\CWebApplication.php(142): CWebApplication->runController('sites/97934/dat...')
#1 C:\xampp\htdocs\heattransfer\heattransfer\php_code\framework\base\CApplication.php(162): CWebApplication->processRequest()
#2 C:\xampp\htdocs\heattransfer\heattransfer\php_code\public_html\index.php(12): CApplication->run()
#3 {main}
REQUEST_URI=/sites/97934/data/images/2015/1/35320602_77.350.300.jpg'
HTTP_REFERER=http://heattransfer.tam/san-pham.html
---
2015/08/12 17:19:02 [error] [exception.CHttpException.404] exception 'CHttpException' with message 'Unable to resolve the request "sites/97934/data/images/2015/1/35320602_77.350.300.jpg'".' in C:\xampp\htdocs\heattransfer\heattransfer\php_code\framework\web\CWebApplication.php:287
Stack trace:
#0 C:\xampp\htdocs\heattransfer\heattransfer\php_code\framework\web\CWebApplication.php(142): CWebApplication->runController('sites/97934/dat...')
#1 C:\xampp\htdocs\heattransfer\heattransfer\php_code\framework\base\CApplication.php(162): CWebApplication->processRequest()
#2 C:\xampp\htdocs\heattransfer\heattransfer\php_code\public_html\index.php(12): CApplication->run()
#3 {main}
REQUEST_URI=/sites/97934/data/images/2015/1/35320602_77.350.300.jpg'
HTTP_REFERER=http://heattransfer.tam/san-pham.html
---
2015/08/12 17:19:03 [error] [exception.CHttpException.404] exception 'CHttpException' with message 'Unable to resolve the request "sites/97934/data/images/2015/1/35320602_77.350.300.jpg'".' in C:\xampp\htdocs\heattransfer\heattransfer\php_code\framework\web\CWebApplication.php:287
Stack trace:
#0 C:\xampp\htdocs\heattransfer\heattransfer\php_code\framework\web\CWebApplication.php(142): CWebApplication->runController('sites/97934/dat...')
#1 C:\xampp\htdocs\heattransfer\heattransfer\php_code\framework\base\CApplication.php(162): CWebApplication->processRequest()
#2 C:\xampp\htdocs\heattransfer\heattransfer\php_code\public_html\index.php(12): CApplication->run()
#3 {main}
REQUEST_URI=/sites/97934/data/images/2015/1/35320602_77.350.300.jpg'
HTTP_REFERER=http://heattransfer.tam/san-pham.html
---
2015/08/12 17:19:03 [error] [exception.CHttpException.404] exception 'CHttpException' with message 'Unable to resolve the request "sites/97934/data/images/2015/1/35320602_77.350.300.jpg'".' in C:\xampp\htdocs\heattransfer\heattransfer\php_code\framework\web\CWebApplication.php:287
Stack trace:
#0 C:\xampp\htdocs\heattransfer\heattransfer\php_code\framework\web\CWebApplication.php(142): CWebApplication->runController('sites/97934/dat...')
#1 C:\xampp\htdocs\heattransfer\heattransfer\php_code\framework\base\CApplication.php(162): CWebApplication->processRequest()
#2 C:\xampp\htdocs\heattransfer\heattransfer\php_code\public_html\index.php(12): CApplication->run()
#3 {main}
REQUEST_URI=/sites/97934/data/images/2015/1/35320602_77.350.300.jpg'
HTTP_REFERER=http://heattransfer.tam/san-pham.html
---
2015/08/12 17:19:04 [error] [exception.CHttpException.404] exception 'CHttpException' with message 'Unable to resolve the request "sites/97934/data/images/2015/1/35320602_77.350.300.jpg'".' in C:\xampp\htdocs\heattransfer\heattransfer\php_code\framework\web\CWebApplication.php:287
Stack trace:
#0 C:\xampp\htdocs\heattransfer\heattransfer\php_code\framework\web\CWebApplication.php(142): CWebApplication->runController('sites/97934/dat...')
#1 C:\xampp\htdocs\heattransfer\heattransfer\php_code\framework\base\CApplication.php(162): CWebApplication->processRequest()
#2 C:\xampp\htdocs\heattransfer\heattransfer\php_code\public_html\index.php(12): CApplication->run()
#3 {main}
REQUEST_URI=/sites/97934/data/images/2015/1/35320602_77.350.300.jpg'
HTTP_REFERER=http://heattransfer.tam/san-pham.html
---
2015/08/12 17:19:14 [error] [exception.CHttpException.404] exception 'CHttpException' with message 'Unable to resolve the request "sites/97934/data/images/2015/1/35320602_77.350.300.jpg'".' in C:\xampp\htdocs\heattransfer\heattransfer\php_code\framework\web\CWebApplication.php:287
Stack trace:
#0 C:\xampp\htdocs\heattransfer\heattransfer\php_code\framework\web\CWebApplication.php(142): CWebApplication->runController('sites/97934/dat...')
#1 C:\xampp\htdocs\heattransfer\heattransfer\php_code\framework\base\CApplication.php(162): CWebApplication->processRequest()
#2 C:\xampp\htdocs\heattransfer\heattransfer\php_code\public_html\index.php(12): CApplication->run()
#3 {main}
REQUEST_URI=/sites/97934/data/images/2015/1/35320602_77.350.300.jpg'
HTTP_REFERER=http://heattransfer.tam/san-pham.html
---
2015/08/12 17:19:14 [error] [exception.CHttpException.404] exception 'CHttpException' with message 'Unable to resolve the request "sites/105544/Skins/Ecom01/images/saleflag.png".' in C:\xampp\htdocs\heattransfer\heattransfer\php_code\framework\web\CWebApplication.php:287
Stack trace:
#0 C:\xampp\htdocs\heattransfer\heattransfer\php_code\framework\web\CWebApplication.php(142): CWebApplication->runController('sites/105544/Sk...')
#1 C:\xampp\htdocs\heattransfer\heattransfer\php_code\framework\base\CApplication.php(162): CWebApplication->processRequest()
#2 C:\xampp\htdocs\heattransfer\heattransfer\php_code\public_html\index.php(12): CApplication->run()
#3 {main}
REQUEST_URI=/sites/105544/Skins/Ecom01/images/saleflag.png
HTTP_REFERER=http://heattransfer.tam/sites/105544/Skins/Ecom01/style.css
---
2015/08/12 17:19:15 [error] [exception.CHttpException.404] exception 'CHttpException' with message 'Unable to resolve the request "sites/97934/data/images/2015/1/35320602_77.350.300.jpg'".' in C:\xampp\htdocs\heattransfer\heattransfer\php_code\framework\web\CWebApplication.php:287
Stack trace:
#0 C:\xampp\htdocs\heattransfer\heattransfer\php_code\framework\web\CWebApplication.php(142): CWebApplication->runController('sites/97934/dat...')
#1 C:\xampp\htdocs\heattransfer\heattransfer\php_code\framework\base\CApplication.php(162): CWebApplication->processRequest()
#2 C:\xampp\htdocs\heattransfer\heattransfer\php_code\public_html\index.php(12): CApplication->run()
#3 {main}
REQUEST_URI=/sites/97934/data/images/2015/1/35320602_77.350.300.jpg'
HTTP_REFERER=http://heattransfer.tam/san-pham.html
---
2015/08/12 17:19:27 [error] [exception.CHttpException.404] exception 'CHttpException' with message 'Unable to resolve the request "sites/97934/data/images/2015/1/35320602_77.350.300.jpg'".' in C:\xampp\htdocs\heattransfer\heattransfer\php_code\framework\web\CWebApplication.php:287
Stack trace:
#0 C:\xampp\htdocs\heattransfer\heattransfer\php_code\framework\web\CWebApplication.php(142): CWebApplication->runController('sites/97934/dat...')
#1 C:\xampp\htdocs\heattransfer\heattransfer\php_code\framework\base\CApplication.php(162): CWebApplication->processRequest()
#2 C:\xampp\htdocs\heattransfer\heattransfer\php_code\public_html\index.php(12): CApplication->run()
#3 {main}
REQUEST_URI=/sites/97934/data/images/2015/1/35320602_77.350.300.jpg'
HTTP_REFERER=http://heattransfer.tam/san-pham.html
---
2015/08/12 17:19:28 [error] [exception.CHttpException.404] exception 'CHttpException' with message 'Unable to resolve the request "sites/105544/Skins/Ecom01/images/saleflag.png".' in C:\xampp\htdocs\heattransfer\heattransfer\php_code\framework\web\CWebApplication.php:287
Stack trace:
#0 C:\xampp\htdocs\heattransfer\heattransfer\php_code\framework\web\CWebApplication.php(142): CWebApplication->runController('sites/105544/Sk...')
#1 C:\xampp\htdocs\heattransfer\heattransfer\php_code\framework\base\CApplication.php(162): CWebApplication->processRequest()
#2 C:\xampp\htdocs\heattransfer\heattransfer\php_code\public_html\index.php(12): CApplication->run()
#3 {main}
REQUEST_URI=/sites/105544/Skins/Ecom01/images/saleflag.png
HTTP_REFERER=http://heattransfer.tam/sites/105544/Skins/Ecom01/style.css
---
2015/08/12 17:19:31 [error] [exception.CHttpException.404] exception 'CHttpException' with message 'Unable to resolve the request "sites/97934/data/images/2015/1/35320602_77.350.300.jpg'".' in C:\xampp\htdocs\heattransfer\heattransfer\php_code\framework\web\CWebApplication.php:287
Stack trace:
#0 C:\xampp\htdocs\heattransfer\heattransfer\php_code\framework\web\CWebApplication.php(142): CWebApplication->runController('sites/97934/dat...')
#1 C:\xampp\htdocs\heattransfer\heattransfer\php_code\framework\base\CApplication.php(162): CWebApplication->processRequest()
#2 C:\xampp\htdocs\heattransfer\heattransfer\php_code\public_html\index.php(12): CApplication->run()
#3 {main}
REQUEST_URI=/sites/97934/data/images/2015/1/35320602_77.350.300.jpg'
HTTP_REFERER=http://heattransfer.tam/san-pham.html
---
2015/08/12 17:19:31 [error] [exception.CHttpException.404] exception 'CHttpException' with message 'Unable to resolve the request "sites/97934/data/images/2015/1/35320602_77.350.300.jpg'".' in C:\xampp\htdocs\heattransfer\heattransfer\php_code\framework\web\CWebApplication.php:287
Stack trace:
#0 C:\xampp\htdocs\heattransfer\heattransfer\php_code\framework\web\CWebApplication.php(142): CWebApplication->runController('sites/97934/dat...')
#1 C:\xampp\htdocs\heattransfer\heattransfer\php_code\framework\base\CApplication.php(162): CWebApplication->processRequest()
#2 C:\xampp\htdocs\heattransfer\heattransfer\php_code\public_html\index.php(12): CApplication->run()
#3 {main}
REQUEST_URI=/sites/97934/data/images/2015/1/35320602_77.350.300.jpg'
HTTP_REFERER=http://heattransfer.tam/san-pham.html
---
2015/08/12 17:19:34 [error] [exception.CHttpException.404] exception 'CHttpException' with message 'Unable to resolve the request "sites/97934/data/images/2015/1/35320602_77.350.300.jpg'".' in C:\xampp\htdocs\heattransfer\heattransfer\php_code\framework\web\CWebApplication.php:287
Stack trace:
#0 C:\xampp\htdocs\heattransfer\heattransfer\php_code\framework\web\CWebApplication.php(142): CWebApplication->runController('sites/97934/dat...')
#1 C:\xampp\htdocs\heattransfer\heattransfer\php_code\framework\base\CApplication.php(162): CWebApplication->processRequest()
#2 C:\xampp\htdocs\heattransfer\heattransfer\php_code\public_html\index.php(12): CApplication->run()
#3 {main}
REQUEST_URI=/sites/97934/data/images/2015/1/35320602_77.350.300.jpg'
HTTP_REFERER=http://heattransfer.tam/san-pham.html
---
2015/08/12 17:19:34 [error] [exception.CHttpException.404] exception 'CHttpException' with message 'Unable to resolve the request "sites/97934/data/images/2015/1/35320602_77.350.300.jpg'".' in C:\xampp\htdocs\heattransfer\heattransfer\php_code\framework\web\CWebApplication.php:287
Stack trace:
#0 C:\xampp\htdocs\heattransfer\heattransfer\php_code\framework\web\CWebApplication.php(142): CWebApplication->runController('sites/97934/dat...')
#1 C:\xampp\htdocs\heattransfer\heattransfer\php_code\framework\base\CApplication.php(162): CWebApplication->processRequest()
#2 C:\xampp\htdocs\heattransfer\heattransfer\php_code\public_html\index.php(12): CApplication->run()
#3 {main}
REQUEST_URI=/sites/97934/data/images/2015/1/35320602_77.350.300.jpg'
HTTP_REFERER=http://heattransfer.tam/san-pham.html
---
2015/08/12 17:19:35 [error] [exception.CHttpException.404] exception 'CHttpException' with message 'Unable to resolve the request "sites/97934/data/images/2015/1/35320602_77.350.300.jpg'".' in C:\xampp\htdocs\heattransfer\heattransfer\php_code\framework\web\CWebApplication.php:287
Stack trace:
#0 C:\xampp\htdocs\heattransfer\heattransfer\php_code\framework\web\CWebApplication.php(142): CWebApplication->runController('sites/97934/dat...')
#1 C:\xampp\htdocs\heattransfer\heattransfer\php_code\framework\base\CApplication.php(162): CWebApplication->processRequest()
#2 C:\xampp\htdocs\heattransfer\heattransfer\php_code\public_html\index.php(12): CApplication->run()
#3 {main}
REQUEST_URI=/sites/97934/data/images/2015/1/35320602_77.350.300.jpg'
HTTP_REFERER=http://heattransfer.tam/san-pham.html
---
2015/08/12 17:19:38 [error] [exception.CHttpException.404] exception 'CHttpException' with message 'Unable to resolve the request "sites/97934/data/images/2015/1/35320602_77.350.300.jpg'".' in C:\xampp\htdocs\heattransfer\heattransfer\php_code\framework\web\CWebApplication.php:287
Stack trace:
#0 C:\xampp\htdocs\heattransfer\heattransfer\php_code\framework\web\CWebApplication.php(142): CWebApplication->runController('sites/97934/dat...')
#1 C:\xampp\htdocs\heattransfer\heattransfer\php_code\framework\base\CApplication.php(162): CWebApplication->processRequest()
#2 C:\xampp\htdocs\heattransfer\heattransfer\php_code\public_html\index.php(12): CApplication->run()
#3 {main}
REQUEST_URI=/sites/97934/data/images/2015/1/35320602_77.350.300.jpg'
HTTP_REFERER=http://heattransfer.tam/san-pham.html
---
2015/08/12 17:19:43 [error] [exception.CHttpException.404] exception 'CHttpException' with message 'Unable to resolve the request "sites/97934/data/images/2015/1/35320602_77.350.300.jpg'".' in C:\xampp\htdocs\heattransfer\heattransfer\php_code\framework\web\CWebApplication.php:287
Stack trace:
#0 C:\xampp\htdocs\heattransfer\heattransfer\php_code\framework\web\CWebApplication.php(142): CWebApplication->runController('sites/97934/dat...')
#1 C:\xampp\htdocs\heattransfer\heattransfer\php_code\framework\base\CApplication.php(162): CWebApplication->processRequest()
#2 C:\xampp\htdocs\heattransfer\heattransfer\php_code\public_html\index.php(12): CApplication->run()
#3 {main}
REQUEST_URI=/sites/97934/data/images/2015/1/35320602_77.350.300.jpg'
HTTP_REFERER=http://heattransfer.tam/san-pham.html
---
2015/08/12 17:19:44 [error] [exception.CHttpException.404] exception 'CHttpException' with message 'Unable to resolve the request "sites/97934/data/images/2015/1/35320602_77.350.300.jpg'".' in C:\xampp\htdocs\heattransfer\heattransfer\php_code\framework\web\CWebApplication.php:287
Stack trace:
#0 C:\xampp\htdocs\heattransfer\heattransfer\php_code\framework\web\CWebApplication.php(142): CWebApplication->runController('sites/97934/dat...')
#1 C:\xampp\htdocs\heattransfer\heattransfer\php_code\framework\base\CApplication.php(162): CWebApplication->processRequest()
#2 C:\xampp\htdocs\heattransfer\heattransfer\php_code\public_html\index.php(12): CApplication->run()
#3 {main}
REQUEST_URI=/sites/97934/data/images/2015/1/35320602_77.350.300.jpg'
HTTP_REFERER=http://heattransfer.tam/san-pham.html
---
2015/08/12 17:19:45 [error] [exception.CHttpException.404] exception 'CHttpException' with message 'Unable to resolve the request "sites/97934/data/images/2015/1/35320602_77.350.300.jpg'".' in C:\xampp\htdocs\heattransfer\heattransfer\php_code\framework\web\CWebApplication.php:287
Stack trace:
#0 C:\xampp\htdocs\heattransfer\heattransfer\php_code\framework\web\CWebApplication.php(142): CWebApplication->runController('sites/97934/dat...')
#1 C:\xampp\htdocs\heattransfer\heattransfer\php_code\framework\base\CApplication.php(162): CWebApplication->processRequest()
#2 C:\xampp\htdocs\heattransfer\heattransfer\php_code\public_html\index.php(12): CApplication->run()
#3 {main}
REQUEST_URI=/sites/97934/data/images/2015/1/35320602_77.350.300.jpg'
HTTP_REFERER=http://heattransfer.tam/san-pham.html
---
2015/08/12 17:19:45 [error] [exception.CHttpException.404] exception 'CHttpException' with message 'Unable to resolve the request "sites/97934/data/images/2015/1/35320602_77.350.300.jpg'".' in C:\xampp\htdocs\heattransfer\heattransfer\php_code\framework\web\CWebApplication.php:287
Stack trace:
#0 C:\xampp\htdocs\heattransfer\heattransfer\php_code\framework\web\CWebApplication.php(142): CWebApplication->runController('sites/97934/dat...')
#1 C:\xampp\htdocs\heattransfer\heattransfer\php_code\framework\base\CApplication.php(162): CWebApplication->processRequest()
#2 C:\xampp\htdocs\heattransfer\heattransfer\php_code\public_html\index.php(12): CApplication->run()
#3 {main}
REQUEST_URI=/sites/97934/data/images/2015/1/35320602_77.350.300.jpg'
HTTP_REFERER=http://heattransfer.tam/san-pham.html
---
2015/08/12 17:20:13 [error] [exception.CHttpException.404] exception 'CHttpException' with message 'Unable to resolve the request "sites/97934/data/images/2015/1/35320602_77.350.300.jpg'".' in C:\xampp\htdocs\heattransfer\heattransfer\php_code\framework\web\CWebApplication.php:287
Stack trace:
#0 C:\xampp\htdocs\heattransfer\heattransfer\php_code\framework\web\CWebApplication.php(142): CWebApplication->runController('sites/97934/dat...')
#1 C:\xampp\htdocs\heattransfer\heattransfer\php_code\framework\base\CApplication.php(162): CWebApplication->processRequest()
#2 C:\xampp\htdocs\heattransfer\heattransfer\php_code\public_html\index.php(12): CApplication->run()
#3 {main}
REQUEST_URI=/sites/97934/data/images/2015/1/35320602_77.350.300.jpg'
HTTP_REFERER=http://heattransfer.tam/san-pham.html
---
2015/08/12 17:20:51 [error] [exception.CHttpException.404] exception 'CHttpException' with message 'Unable to resolve the request "sites/105544/Skins/Ecom01/images/saleflag.png".' in C:\xampp\htdocs\heattransfer\heattransfer\php_code\framework\web\CWebApplication.php:287
Stack trace:
#0 C:\xampp\htdocs\heattransfer\heattransfer\php_code\framework\web\CWebApplication.php(142): CWebApplication->runController('sites/105544/Sk...')
#1 C:\xampp\htdocs\heattransfer\heattransfer\php_code\framework\base\CApplication.php(162): CWebApplication->processRequest()
#2 C:\xampp\htdocs\heattransfer\heattransfer\php_code\public_html\index.php(12): CApplication->run()
#3 {main}
REQUEST_URI=/sites/105544/Skins/Ecom01/images/saleflag.png
HTTP_REFERER=http://heattransfer.tam/sites/105544/Skins/Ecom01/style.css
---
2015/08/12 17:20:53 [error] [exception.CHttpException.404] exception 'CHttpException' with message 'Unable to resolve the request "uploads/1439369216satinlh9-500x500.jpg'".' in C:\xampp\htdocs\heattransfer\heattransfer\php_code\framework\web\CWebApplication.php:287
Stack trace:
#0 C:\xampp\htdocs\heattransfer\heattransfer\php_code\framework\web\CWebApplication.php(142): CWebApplication->runController('uploads/1439369...')
#1 C:\xampp\htdocs\heattransfer\heattransfer\php_code\framework\base\CApplication.php(162): CWebApplication->processRequest()
#2 C:\xampp\htdocs\heattransfer\heattransfer\php_code\public_html\index.php(12): CApplication->run()
#3 {main}
REQUEST_URI=/uploads/1439369216satinlh9-500x500.jpg'
HTTP_REFERER=http://heattransfer.tam/san-pham.html
---
2015/08/12 17:20:53 [error] [exception.CHttpException.404] exception 'CHttpException' with message 'Unable to resolve the request "uploads/1439369236vkg1313292768.JPG'".' in C:\xampp\htdocs\heattransfer\heattransfer\php_code\framework\web\CWebApplication.php:287
Stack trace:
#0 C:\xampp\htdocs\heattransfer\heattransfer\php_code\framework\web\CWebApplication.php(142): CWebApplication->runController('uploads/1439369...')
#1 C:\xampp\htdocs\heattransfer\heattransfer\php_code\framework\base\CApplication.php(162): CWebApplication->processRequest()
#2 C:\xampp\htdocs\heattransfer\heattransfer\php_code\public_html\index.php(12): CApplication->run()
#3 {main}
REQUEST_URI=/uploads/1439369236vkg1313292768.JPG'
HTTP_REFERER=http://heattransfer.tam/san-pham.html
---
2015/08/12 17:20:53 [error] [exception.CHttpException.404] exception 'CHttpException' with message 'Unable to resolve the request "uploads/1439369262whs1414466992.jpg'".' in C:\xampp\htdocs\heattransfer\heattransfer\php_code\framework\web\CWebApplication.php:287
Stack trace:
#0 C:\xampp\htdocs\heattransfer\heattransfer\php_code\framework\web\CWebApplication.php(142): CWebApplication->runController('uploads/1439369...')
#1 C:\xampp\htdocs\heattransfer\heattransfer\php_code\framework\base\CApplication.php(162): CWebApplication->processRequest()
#2 C:\xampp\htdocs\heattransfer\heattransfer\php_code\public_html\index.php(12): CApplication->run()
#3 {main}
REQUEST_URI=/uploads/1439369262whs1414466992.jpg'
HTTP_REFERER=http://heattransfer.tam/san-pham.html
---
2015/08/12 17:20:53 [error] [exception.CHttpException.404] exception 'CHttpException' with message 'Unable to resolve the request "uploads/1439369294zva1380768743.jpg'".' in C:\xampp\htdocs\heattransfer\heattransfer\php_code\framework\web\CWebApplication.php:287
Stack trace:
#0 C:\xampp\htdocs\heattransfer\heattransfer\php_code\framework\web\CWebApplication.php(142): CWebApplication->runController('uploads/1439369...')
#1 C:\xampp\htdocs\heattransfer\heattransfer\php_code\framework\base\CApplication.php(162): CWebApplication->processRequest()
#2 C:\xampp\htdocs\heattransfer\heattransfer\php_code\public_html\index.php(12): CApplication->run()
#3 {main}
REQUEST_URI=/uploads/1439369294zva1380768743.jpg'
HTTP_REFERER=http://heattransfer.tam/san-pham.html
---
2015/08/12 17:20:56 [error] [exception.CHttpException.404] exception 'CHttpException' with message 'Unable to resolve the request "sites/105544/Skins/Ecom01/images/saleflag.png".' in C:\xampp\htdocs\heattransfer\heattransfer\php_code\framework\web\CWebApplication.php:287
Stack trace:
#0 C:\xampp\htdocs\heattransfer\heattransfer\php_code\framework\web\CWebApplication.php(142): CWebApplication->runController('sites/105544/Sk...')
#1 C:\xampp\htdocs\heattransfer\heattransfer\php_code\framework\base\CApplication.php(162): CWebApplication->processRequest()
#2 C:\xampp\htdocs\heattransfer\heattransfer\php_code\public_html\index.php(12): CApplication->run()
#3 {main}
REQUEST_URI=/sites/105544/Skins/Ecom01/images/saleflag.png
HTTP_REFERER=http://heattransfer.tam/sites/105544/Skins/Ecom01/style.css
---
2015/08/12 17:20:56 [error] [exception.CHttpException.404] exception 'CHttpException' with message 'Unable to resolve the request "uploads/1439369294zva1380768743.jpg'".' in C:\xampp\htdocs\heattransfer\heattransfer\php_code\framework\web\CWebApplication.php:287
Stack trace:
#0 C:\xampp\htdocs\heattransfer\heattransfer\php_code\framework\web\CWebApplication.php(142): CWebApplication->runController('uploads/1439369...')
#1 C:\xampp\htdocs\heattransfer\heattransfer\php_code\framework\base\CApplication.php(162): CWebApplication->processRequest()
#2 C:\xampp\htdocs\heattransfer\heattransfer\php_code\public_html\index.php(12): CApplication->run()
#3 {main}
REQUEST_URI=/uploads/1439369294zva1380768743.jpg'
HTTP_REFERER=http://heattransfer.tam/san-pham.html
---
2015/08/12 17:20:59 [error] [exception.CHttpException.404] exception 'CHttpException' with message 'Unable to resolve the request "uploads/1439369200satinlh2-500x500.jpg'".' in C:\xampp\htdocs\heattransfer\heattransfer\php_code\framework\web\CWebApplication.php:287
Stack trace:
#0 C:\xampp\htdocs\heattransfer\heattransfer\php_code\framework\web\CWebApplication.php(142): CWebApplication->runController('uploads/1439369...')
#1 C:\xampp\htdocs\heattransfer\heattransfer\php_code\framework\base\CApplication.php(162): CWebApplication->processRequest()
#2 C:\xampp\htdocs\heattransfer\heattransfer\php_code\public_html\index.php(12): CApplication->run()
#3 {main}
REQUEST_URI=/uploads/1439369200satinlh2-500x500.jpg'
HTTP_REFERER=http://heattransfer.tam/san-pham.html
---
2015/08/12 17:21:04 [error] [exception.CHttpException.404] exception 'CHttpException' with message 'Unable to resolve the request "uploads/1439369294zva1380768743.jpg'".' in C:\xampp\htdocs\heattransfer\heattransfer\php_code\framework\web\CWebApplication.php:287
Stack trace:
#0 C:\xampp\htdocs\heattransfer\heattransfer\php_code\framework\web\CWebApplication.php(142): CWebApplication->runController('uploads/1439369...')
#1 C:\xampp\htdocs\heattransfer\heattransfer\php_code\framework\base\CApplication.php(162): CWebApplication->processRequest()
#2 C:\xampp\htdocs\heattransfer\heattransfer\php_code\public_html\index.php(12): CApplication->run()
#3 {main}
REQUEST_URI=/uploads/1439369294zva1380768743.jpg'
HTTP_REFERER=http://heattransfer.tam/san-pham.html
---
2015/08/12 17:21:39 [error] [exception.CHttpException.404] exception 'CHttpException' with message 'Unable to resolve the request "uploads/1439369262whs1414466992.jpg'".' in C:\xampp\htdocs\heattransfer\heattransfer\php_code\framework\web\CWebApplication.php:287
Stack trace:
#0 C:\xampp\htdocs\heattransfer\heattransfer\php_code\framework\web\CWebApplication.php(142): CWebApplication->runController('uploads/1439369...')
#1 C:\xampp\htdocs\heattransfer\heattransfer\php_code\framework\base\CApplication.php(162): CWebApplication->processRequest()
#2 C:\xampp\htdocs\heattransfer\heattransfer\php_code\public_html\index.php(12): CApplication->run()
#3 {main}
REQUEST_URI=/uploads/1439369262whs1414466992.jpg'
HTTP_REFERER=http://heattransfer.tam/san-pham.html
---
2015/08/12 17:21:39 [error] [exception.CHttpException.404] exception 'CHttpException' with message 'Unable to resolve the request "uploads/1439369294zva1380768743.jpg'".' in C:\xampp\htdocs\heattransfer\heattransfer\php_code\framework\web\CWebApplication.php:287
Stack trace:
#0 C:\xampp\htdocs\heattransfer\heattransfer\php_code\framework\web\CWebApplication.php(142): CWebApplication->runController('uploads/1439369...')
#1 C:\xampp\htdocs\heattransfer\heattransfer\php_code\framework\base\CApplication.php(162): CWebApplication->processRequest()
#2 C:\xampp\htdocs\heattransfer\heattransfer\php_code\public_html\index.php(12): CApplication->run()
#3 {main}
REQUEST_URI=/uploads/1439369294zva1380768743.jpg'
HTTP_REFERER=http://heattransfer.tam/san-pham.html
---
2015/08/12 17:22:10 [error] [exception.CHttpException.404] exception 'CHttpException' with message 'Unable to resolve the request "uploads/1439369294zva1380768743.jpg'".' in C:\xampp\htdocs\heattransfer\heattransfer\php_code\framework\web\CWebApplication.php:287
Stack trace:
#0 C:\xampp\htdocs\heattransfer\heattransfer\php_code\framework\web\CWebApplication.php(142): CWebApplication->runController('uploads/1439369...')
#1 C:\xampp\htdocs\heattransfer\heattransfer\php_code\framework\base\CApplication.php(162): CWebApplication->processRequest()
#2 C:\xampp\htdocs\heattransfer\heattransfer\php_code\public_html\index.php(12): CApplication->run()
#3 {main}
REQUEST_URI=/uploads/1439369294zva1380768743.jpg'
HTTP_REFERER=http://heattransfer.tam/san-pham.html
---
2015/08/12 17:22:10 [error] [exception.CHttpException.404] exception 'CHttpException' with message 'Unable to resolve the request "uploads/1439369262whs1414466992.jpg'".' in C:\xampp\htdocs\heattransfer\heattransfer\php_code\framework\web\CWebApplication.php:287
Stack trace:
#0 C:\xampp\htdocs\heattransfer\heattransfer\php_code\framework\web\CWebApplication.php(142): CWebApplication->runController('uploads/1439369...')
#1 C:\xampp\htdocs\heattransfer\heattransfer\php_code\framework\base\CApplication.php(162): CWebApplication->processRequest()
#2 C:\xampp\htdocs\heattransfer\heattransfer\php_code\public_html\index.php(12): CApplication->run()
#3 {main}
REQUEST_URI=/uploads/1439369262whs1414466992.jpg'
HTTP_REFERER=http://heattransfer.tam/san-pham.html
---
2015/08/12 17:22:12 [error] [exception.CHttpException.404] exception 'CHttpException' with message 'Unable to resolve the request "uploads/1439369236vkg1313292768.JPG'".' in C:\xampp\htdocs\heattransfer\heattransfer\php_code\framework\web\CWebApplication.php:287
Stack trace:
#0 C:\xampp\htdocs\heattransfer\heattransfer\php_code\framework\web\CWebApplication.php(142): CWebApplication->runController('uploads/1439369...')
#1 C:\xampp\htdocs\heattransfer\heattransfer\php_code\framework\base\CApplication.php(162): CWebApplication->processRequest()
#2 C:\xampp\htdocs\heattransfer\heattransfer\php_code\public_html\index.php(12): CApplication->run()
#3 {main}
REQUEST_URI=/uploads/1439369236vkg1313292768.JPG'
HTTP_REFERER=http://heattransfer.tam/san-pham.html
---
2015/08/12 17:22:15 [error] [exception.CHttpException.404] exception 'CHttpException' with message 'Unable to resolve the request "uploads/1439369262whs1414466992.jpg'".' in C:\xampp\htdocs\heattransfer\heattransfer\php_code\framework\web\CWebApplication.php:287
Stack trace:
#0 C:\xampp\htdocs\heattransfer\heattransfer\php_code\framework\web\CWebApplication.php(142): CWebApplication->runController('uploads/1439369...')
#1 C:\xampp\htdocs\heattransfer\heattransfer\php_code\framework\base\CApplication.php(162): CWebApplication->processRequest()
#2 C:\xampp\htdocs\heattransfer\heattransfer\php_code\public_html\index.php(12): CApplication->run()
#3 {main}
REQUEST_URI=/uploads/1439369262whs1414466992.jpg'
HTTP_REFERER=http://heattransfer.tam/san-pham.html
---
2015/08/12 17:22:15 [error] [exception.CHttpException.404] exception 'CHttpException' with message 'Unable to resolve the request "uploads/1439369294zva1380768743.jpg'".' in C:\xampp\htdocs\heattransfer\heattransfer\php_code\framework\web\CWebApplication.php:287
Stack trace:
#0 C:\xampp\htdocs\heattransfer\heattransfer\php_code\framework\web\CWebApplication.php(142): CWebApplication->runController('uploads/1439369...')
#1 C:\xampp\htdocs\heattransfer\heattransfer\php_code\framework\base\CApplication.php(162): CWebApplication->processRequest()
#2 C:\xampp\htdocs\heattransfer\heattransfer\php_code\public_html\index.php(12): CApplication->run()
#3 {main}
REQUEST_URI=/uploads/1439369294zva1380768743.jpg'
HTTP_REFERER=http://heattransfer.tam/san-pham.html
---
2015/08/12 17:23:00 [error] [exception.CHttpException.404] exception 'CHttpException' with message 'Unable to resolve the request "uploads/1439369262whs1414466992.jpg'".' in C:\xampp\htdocs\heattransfer\heattransfer\php_code\framework\web\CWebApplication.php:287
Stack trace:
#0 C:\xampp\htdocs\heattransfer\heattransfer\php_code\framework\web\CWebApplication.php(142): CWebApplication->runController('uploads/1439369...')
#1 C:\xampp\htdocs\heattransfer\heattransfer\php_code\framework\base\CApplication.php(162): CWebApplication->processRequest()
#2 C:\xampp\htdocs\heattransfer\heattransfer\php_code\public_html\index.php(12): CApplication->run()
#3 {main}
REQUEST_URI=/uploads/1439369262whs1414466992.jpg'
HTTP_REFERER=http://heattransfer.tam/san-pham.html
---
2015/08/12 17:23:01 [error] [exception.CHttpException.404] exception 'CHttpException' with message 'Unable to resolve the request "uploads/1439369262whs1414466992.jpg'".' in C:\xampp\htdocs\heattransfer\heattransfer\php_code\framework\web\CWebApplication.php:287
Stack trace:
#0 C:\xampp\htdocs\heattransfer\heattransfer\php_code\framework\web\CWebApplication.php(142): CWebApplication->runController('uploads/1439369...')
#1 C:\xampp\htdocs\heattransfer\heattransfer\php_code\framework\base\CApplication.php(162): CWebApplication->processRequest()
#2 C:\xampp\htdocs\heattransfer\heattransfer\php_code\public_html\index.php(12): CApplication->run()
#3 {main}
REQUEST_URI=/uploads/1439369262whs1414466992.jpg'
HTTP_REFERER=http://heattransfer.tam/san-pham.html
---
2015/08/12 17:23:01 [error] [exception.CHttpException.404] exception 'CHttpException' with message 'Unable to resolve the request "uploads/1439369262whs1414466992.jpg'".' in C:\xampp\htdocs\heattransfer\heattransfer\php_code\framework\web\CWebApplication.php:287
Stack trace:
#0 C:\xampp\htdocs\heattransfer\heattransfer\php_code\framework\web\CWebApplication.php(142): CWebApplication->runController('uploads/1439369...')
#1 C:\xampp\htdocs\heattransfer\heattransfer\php_code\framework\base\CApplication.php(162): CWebApplication->processRequest()
#2 C:\xampp\htdocs\heattransfer\heattransfer\php_code\public_html\index.php(12): CApplication->run()
#3 {main}
REQUEST_URI=/uploads/1439369262whs1414466992.jpg'
HTTP_REFERER=http://heattransfer.tam/san-pham.html
---
2015/08/12 17:23:02 [error] [exception.CHttpException.404] exception 'CHttpException' with message 'Unable to resolve the request "uploads/1439369183may-in-chuyen-nhiet.jpg'".' in C:\xampp\htdocs\heattransfer\heattransfer\php_code\framework\web\CWebApplication.php:287
Stack trace:
#0 C:\xampp\htdocs\heattransfer\heattransfer\php_code\framework\web\CWebApplication.php(142): CWebApplication->runController('uploads/1439369...')
#1 C:\xampp\htdocs\heattransfer\heattransfer\php_code\framework\base\CApplication.php(162): CWebApplication->processRequest()
#2 C:\xampp\htdocs\heattransfer\heattransfer\php_code\public_html\index.php(12): CApplication->run()
#3 {main}
REQUEST_URI=/uploads/1439369183may-in-chuyen-nhiet.jpg'
HTTP_REFERER=http://heattransfer.tam/san-pham.html
---
2015/08/12 17:23:02 [error] [exception.CHttpException.404] exception 'CHttpException' with message 'Unable to resolve the request "uploads/1439369087img_20120628_102817_0-500x500.jpeg'".' in C:\xampp\htdocs\heattransfer\heattransfer\php_code\framework\web\CWebApplication.php:287
Stack trace:
#0 C:\xampp\htdocs\heattransfer\heattransfer\php_code\framework\web\CWebApplication.php(142): CWebApplication->runController('uploads/1439369...')
#1 C:\xampp\htdocs\heattransfer\heattransfer\php_code\framework\base\CApplication.php(162): CWebApplication->processRequest()
#2 C:\xampp\htdocs\heattransfer\heattransfer\php_code\public_html\index.php(12): CApplication->run()
#3 {main}
REQUEST_URI=/uploads/1439369087img_20120628_102817_0-500x500.jpeg'
HTTP_REFERER=http://heattransfer.tam/san-pham.html
---
2015/08/12 17:23:02 [error] [exception.CHttpException.404] exception 'CHttpException' with message 'Unable to resolve the request "uploads/1439369070img_6090_fotor-jpg.375.jpg'".' in C:\xampp\htdocs\heattransfer\heattransfer\php_code\framework\web\CWebApplication.php:287
Stack trace:
#0 C:\xampp\htdocs\heattransfer\heattransfer\php_code\framework\web\CWebApplication.php(142): CWebApplication->runController('uploads/1439369...')
#1 C:\xampp\htdocs\heattransfer\heattransfer\php_code\framework\base\CApplication.php(162): CWebApplication->processRequest()
#2 C:\xampp\htdocs\heattransfer\heattransfer\php_code\public_html\index.php(12): CApplication->run()
#3 {main}
REQUEST_URI=/uploads/1439369070img_6090_fotor-jpg.375.jpg'
HTTP_REFERER=http://heattransfer.tam/san-pham.html
---
2015/08/12 17:23:02 [error] [exception.CHttpException.404] exception 'CHttpException' with message 'Unable to resolve the request "uploads/1439368998detlh7-500x500.jpg'".' in C:\xampp\htdocs\heattransfer\heattransfer\php_code\framework\web\CWebApplication.php:287
Stack trace:
#0 C:\xampp\htdocs\heattransfer\heattransfer\php_code\framework\web\CWebApplication.php(142): CWebApplication->runController('uploads/1439368...')
#1 C:\xampp\htdocs\heattransfer\heattransfer\php_code\framework\base\CApplication.php(162): CWebApplication->processRequest()
#2 C:\xampp\htdocs\heattransfer\heattransfer\php_code\public_html\index.php(12): CApplication->run()
#3 {main}
REQUEST_URI=/uploads/1439368998detlh7-500x500.jpg'
HTTP_REFERER=http://heattransfer.tam/san-pham.html
---
2015/08/12 17:23:17 [error] [exception.CHttpException.404] exception 'CHttpException' with message 'Unable to resolve the request "uploads/1439368998detlh7-500x500.jpg'".' in C:\xampp\htdocs\heattransfer\heattransfer\php_code\framework\web\CWebApplication.php:287
Stack trace:
#0 C:\xampp\htdocs\heattransfer\heattransfer\php_code\framework\web\CWebApplication.php(142): CWebApplication->runController('uploads/1439368...')
#1 C:\xampp\htdocs\heattransfer\heattransfer\php_code\framework\base\CApplication.php(162): CWebApplication->processRequest()
#2 C:\xampp\htdocs\heattransfer\heattransfer\php_code\public_html\index.php(12): CApplication->run()
#3 {main}
REQUEST_URI=/uploads/1439368998detlh7-500x500.jpg'
HTTP_REFERER=http://heattransfer.tam/san-pham.html
---
2015/08/12 17:23:24 [error] [exception.CHttpException.404] exception 'CHttpException' with message 'Unable to resolve the request "uploads/1439368998detlh7-500x500.jpg'".' in C:\xampp\htdocs\heattransfer\heattransfer\php_code\framework\web\CWebApplication.php:287
Stack trace:
#0 C:\xampp\htdocs\heattransfer\heattransfer\php_code\framework\web\CWebApplication.php(142): CWebApplication->runController('uploads/1439368...')
#1 C:\xampp\htdocs\heattransfer\heattransfer\php_code\framework\base\CApplication.php(162): CWebApplication->processRequest()
#2 C:\xampp\htdocs\heattransfer\heattransfer\php_code\public_html\index.php(12): CApplication->run()
#3 {main}
REQUEST_URI=/uploads/1439368998detlh7-500x500.jpg'
HTTP_REFERER=http://heattransfer.tam/san-pham.html
---
2015/08/12 17:23:31 [error] [exception.CHttpException.404] exception 'CHttpException' with message 'Unable to resolve the request "uploads/1439368998detlh7-500x500.jpg'".' in C:\xampp\htdocs\heattransfer\heattransfer\php_code\framework\web\CWebApplication.php:287
Stack trace:
#0 C:\xampp\htdocs\heattransfer\heattransfer\php_code\framework\web\CWebApplication.php(142): CWebApplication->runController('uploads/1439368...')
#1 C:\xampp\htdocs\heattransfer\heattransfer\php_code\framework\base\CApplication.php(162): CWebApplication->processRequest()
#2 C:\xampp\htdocs\heattransfer\heattransfer\php_code\public_html\index.php(12): CApplication->run()
#3 {main}
REQUEST_URI=/uploads/1439368998detlh7-500x500.jpg'
HTTP_REFERER=http://heattransfer.tam/san-pham.html
---
2015/08/12 17:23:38 [error] [exception.CHttpException.404] exception 'CHttpException' with message 'Unable to resolve the request "uploads/1439368998detlh7-500x500.jpg'".' in C:\xampp\htdocs\heattransfer\heattransfer\php_code\framework\web\CWebApplication.php:287
Stack trace:
#0 C:\xampp\htdocs\heattransfer\heattransfer\php_code\framework\web\CWebApplication.php(142): CWebApplication->runController('uploads/1439368...')
#1 C:\xampp\htdocs\heattransfer\heattransfer\php_code\framework\base\CApplication.php(162): CWebApplication->processRequest()
#2 C:\xampp\htdocs\heattransfer\heattransfer\php_code\public_html\index.php(12): CApplication->run()
#3 {main}
REQUEST_URI=/uploads/1439368998detlh7-500x500.jpg'
HTTP_REFERER=http://heattransfer.tam/san-pham.html
---
2015/08/12 17:23:49 [error] [exception.CHttpException.404] exception 'CHttpException' with message 'Unable to resolve the request "uploads/1439368998detlh7-500x500.jpg'".' in C:\xampp\htdocs\heattransfer\heattransfer\php_code\framework\web\CWebApplication.php:287
Stack trace:
#0 C:\xampp\htdocs\heattransfer\heattransfer\php_code\framework\web\CWebApplication.php(142): CWebApplication->runController('uploads/1439368...')
#1 C:\xampp\htdocs\heattransfer\heattransfer\php_code\framework\base\CApplication.php(162): CWebApplication->processRequest()
#2 C:\xampp\htdocs\heattransfer\heattransfer\php_code\public_html\index.php(12): CApplication->run()
#3 {main}
REQUEST_URI=/uploads/1439368998detlh7-500x500.jpg'
HTTP_REFERER=http://heattransfer.tam/san-pham.html
---
2015/08/12 17:23:53 [error] [exception.CHttpException.404] exception 'CHttpException' with message 'Unable to resolve the request "uploads/1439368998detlh7-500x500.jpg'".' in C:\xampp\htdocs\heattransfer\heattransfer\php_code\framework\web\CWebApplication.php:287
Stack trace:
#0 C:\xampp\htdocs\heattransfer\heattransfer\php_code\framework\web\CWebApplication.php(142): CWebApplication->runController('uploads/1439368...')
#1 C:\xampp\htdocs\heattransfer\heattransfer\php_code\framework\base\CApplication.php(162): CWebApplication->processRequest()
#2 C:\xampp\htdocs\heattransfer\heattransfer\php_code\public_html\index.php(12): CApplication->run()
#3 {main}
REQUEST_URI=/uploads/1439368998detlh7-500x500.jpg'
HTTP_REFERER=http://heattransfer.tam/san-pham.html
---
2015/08/12 17:24:00 [error] [exception.CHttpException.404] exception 'CHttpException' with message 'Unable to resolve the request "uploads/1439368998detlh7-500x500.jpg'".' in C:\xampp\htdocs\heattransfer\heattransfer\php_code\framework\web\CWebApplication.php:287
Stack trace:
#0 C:\xampp\htdocs\heattransfer\heattransfer\php_code\framework\web\CWebApplication.php(142): CWebApplication->runController('uploads/1439368...')
#1 C:\xampp\htdocs\heattransfer\heattransfer\php_code\framework\base\CApplication.php(162): CWebApplication->processRequest()
#2 C:\xampp\htdocs\heattransfer\heattransfer\php_code\public_html\index.php(12): CApplication->run()
#3 {main}
REQUEST_URI=/uploads/1439368998detlh7-500x500.jpg'
HTTP_REFERER=http://heattransfer.tam/san-pham.html
---
2015/08/12 17:25:15 [error] [exception.CHttpException.404] exception 'CHttpException' with message 'Unable to resolve the request "sites/105544/Skins/Ecom01/images/saleflag.png".' in C:\xampp\htdocs\heattransfer\heattransfer\php_code\framework\web\CWebApplication.php:287
Stack trace:
#0 C:\xampp\htdocs\heattransfer\heattransfer\php_code\framework\web\CWebApplication.php(142): CWebApplication->runController('sites/105544/Sk...')
#1 C:\xampp\htdocs\heattransfer\heattransfer\php_code\framework\base\CApplication.php(162): CWebApplication->processRequest()
#2 C:\xampp\htdocs\heattransfer\heattransfer\php_code\public_html\index.php(12): CApplication->run()
#3 {main}
REQUEST_URI=/sites/105544/Skins/Ecom01/images/saleflag.png
HTTP_REFERER=http://heattransfer.tam/sites/105544/Skins/Ecom01/style.css
---
2015/08/12 17:26:26 [error] [exception.CHttpException.404] exception 'CHttpException' with message 'Unable to resolve the request "uploads/1439369070img_6090_fotor-jpg.375.jpg'".' in C:\xampp\htdocs\heattransfer\heattransfer\php_code\framework\web\CWebApplication.php:287
Stack trace:
#0 C:\xampp\htdocs\heattransfer\heattransfer\php_code\framework\web\CWebApplication.php(142): CWebApplication->runController('uploads/1439369...')
#1 C:\xampp\htdocs\heattransfer\heattransfer\php_code\framework\base\CApplication.php(162): CWebApplication->processRequest()
#2 C:\xampp\htdocs\heattransfer\heattransfer\php_code\public_html\index.php(12): CApplication->run()
#3 {main}
REQUEST_URI=/uploads/1439369070img_6090_fotor-jpg.375.jpg'
HTTP_REFERER=http://heattransfer.tam/san-pham.html
---
2015/08/12 17:27:20 [error] [exception.CHttpException.404] exception 'CHttpException' with message 'Unable to resolve the request "sites/105544/Skins/Ecom01/images/saleflag.png".' in C:\xampp\htdocs\heattransfer\heattransfer\php_code\framework\web\CWebApplication.php:287
Stack trace:
#0 C:\xampp\htdocs\heattransfer\heattransfer\php_code\framework\web\CWebApplication.php(142): CWebApplication->runController('sites/105544/Sk...')
#1 C:\xampp\htdocs\heattransfer\heattransfer\php_code\framework\base\CApplication.php(162): CWebApplication->processRequest()
#2 C:\xampp\htdocs\heattransfer\heattransfer\php_code\public_html\index.php(12): CApplication->run()
#3 {main}
REQUEST_URI=/sites/105544/Skins/Ecom01/images/saleflag.png
HTTP_REFERER=http://heattransfer.tam/sites/105544/Skins/Ecom01/style.css
---
2015/08/12 17:27:38 [error] [exception.CHttpException.404] exception 'CHttpException' with message 'Unable to resolve the request "sites/105544/Skins/Ecom01/images/saleflag.png".' in C:\xampp\htdocs\heattransfer\heattransfer\php_code\framework\web\CWebApplication.php:287
Stack trace:
#0 C:\xampp\htdocs\heattransfer\heattransfer\php_code\framework\web\CWebApplication.php(142): CWebApplication->runController('sites/105544/Sk...')
#1 C:\xampp\htdocs\heattransfer\heattransfer\php_code\framework\base\CApplication.php(162): CWebApplication->processRequest()
#2 C:\xampp\htdocs\heattransfer\heattransfer\php_code\public_html\index.php(12): CApplication->run()
#3 {main}
REQUEST_URI=/sites/105544/Skins/Ecom01/images/saleflag.png
HTTP_REFERER=http://heattransfer.tam/sites/105544/Skins/Ecom01/style.css
---
2015/08/12 17:30:49 [error] [exception.CHttpException.404] exception 'CHttpException' with message 'Unable to resolve the request "sites/105544/Skins/Ecom01/images/saleflag.png".' in C:\xampp\htdocs\heattransfer\heattransfer\php_code\framework\web\CWebApplication.php:287
Stack trace:
#0 C:\xampp\htdocs\heattransfer\heattransfer\php_code\framework\web\CWebApplication.php(142): CWebApplication->runController('sites/105544/Sk...')
#1 C:\xampp\htdocs\heattransfer\heattransfer\php_code\framework\base\CApplication.php(162): CWebApplication->processRequest()
#2 C:\xampp\htdocs\heattransfer\heattransfer\php_code\public_html\index.php(12): CApplication->run()
#3 {main}
REQUEST_URI=/sites/105544/Skins/Ecom01/images/saleflag.png
HTTP_REFERER=http://heattransfer.tam/sites/105544/Skins/Ecom01/style.css
---
2015/08/12 17:30:51 [error] [exception.CHttpException.404] exception 'CHttpException' with message 'Unable to resolve the request "uploads/1439369262whs1414466992.jpg title=".' in C:\xampp\htdocs\heattransfer\heattransfer\php_code\framework\web\CWebApplication.php:287
Stack trace:
#0 C:\xampp\htdocs\heattransfer\heattransfer\php_code\framework\web\CWebApplication.php(142): CWebApplication->runController('uploads/1439369...')
#1 C:\xampp\htdocs\heattransfer\heattransfer\php_code\framework\base\CApplication.php(162): CWebApplication->processRequest()
#2 C:\xampp\htdocs\heattransfer\heattransfer\php_code\public_html\index.php(12): CApplication->run()
#3 {main}
REQUEST_URI=/uploads/1439369262whs1414466992.jpg%20title=
HTTP_REFERER=http://heattransfer.tam/san-pham.html
---
2015/08/12 17:30:55 [error] [exception.CHttpException.404] exception 'CHttpException' with message 'Unable to resolve the request "uploads/1439369294zva1380768743.jpg title=".' in C:\xampp\htdocs\heattransfer\heattransfer\php_code\framework\web\CWebApplication.php:287
Stack trace:
#0 C:\xampp\htdocs\heattransfer\heattransfer\php_code\framework\web\CWebApplication.php(142): CWebApplication->runController('uploads/1439369...')
#1 C:\xampp\htdocs\heattransfer\heattransfer\php_code\framework\base\CApplication.php(162): CWebApplication->processRequest()
#2 C:\xampp\htdocs\heattransfer\heattransfer\php_code\public_html\index.php(12): CApplication->run()
#3 {main}
REQUEST_URI=/uploads/1439369294zva1380768743.jpg%20title=
HTTP_REFERER=http://heattransfer.tam/san-pham.html
---
2015/08/12 17:32:30 [error] [exception.CHttpException.404] exception 'CHttpException' with message 'Unable to resolve the request "sites/105544/Skins/Ecom01/images/saleflag.png".' in C:\xampp\htdocs\heattransfer\heattransfer\php_code\framework\web\CWebApplication.php:287
Stack trace:
#0 C:\xampp\htdocs\heattransfer\heattransfer\php_code\framework\web\CWebApplication.php(142): CWebApplication->runController('sites/105544/Sk...')
#1 C:\xampp\htdocs\heattransfer\heattransfer\php_code\framework\base\CApplication.php(162): CWebApplication->processRequest()
#2 C:\xampp\htdocs\heattransfer\heattransfer\php_code\public_html\index.php(12): CApplication->run()
#3 {main}
REQUEST_URI=/sites/105544/Skins/Ecom01/images/saleflag.png
HTTP_REFERER=http://heattransfer.tam/sites/105544/Skins/Ecom01/style.css
---
2015/08/12 17:32:58 [error] [exception.CHttpException.404] exception 'CHttpException' with message 'Unable to resolve the request "sites/105544/Skins/Ecom01/images/saleflag.png".' in C:\xampp\htdocs\heattransfer\heattransfer\php_code\framework\web\CWebApplication.php:287
Stack trace:
#0 C:\xampp\htdocs\heattransfer\heattransfer\php_code\framework\web\CWebApplication.php(142): CWebApplication->runController('sites/105544/Sk...')
#1 C:\xampp\htdocs\heattransfer\heattransfer\php_code\framework\base\CApplication.php(162): CWebApplication->processRequest()
#2 C:\xampp\htdocs\heattransfer\heattransfer\php_code\public_html\index.php(12): CApplication->run()
#3 {main}
REQUEST_URI=/sites/105544/Skins/Ecom01/images/saleflag.png
HTTP_REFERER=http://heattransfer.tam/sites/105544/Skins/Ecom01/style.css
---
2015/08/12 17:33:44 [error] [exception.CHttpException.404] exception 'CHttpException' with message 'Unable to resolve the request "sites/105544/Skins/Ecom01/images/saleflag.png".' in C:\xampp\htdocs\heattransfer\heattransfer\php_code\framework\web\CWebApplication.php:287
Stack trace:
#0 C:\xampp\htdocs\heattransfer\heattransfer\php_code\framework\web\CWebApplication.php(142): CWebApplication->runController('sites/105544/Sk...')
#1 C:\xampp\htdocs\heattransfer\heattransfer\php_code\framework\base\CApplication.php(162): CWebApplication->processRequest()
#2 C:\xampp\htdocs\heattransfer\heattransfer\php_code\public_html\index.php(12): CApplication->run()
#3 {main}
REQUEST_URI=/sites/105544/Skins/Ecom01/images/saleflag.png
HTTP_REFERER=http://heattransfer.tam/sites/105544/Skins/Ecom01/style.css
---
2015/08/12 17:34:18 [error] [exception.CException] exception 'CException' with message 'ProductController and its behaviors do not have a method or closure named "getProduct".' in C:\xampp\htdocs\heattransfer\heattransfer\php_code\framework\base\CComponent.php:266
Stack trace:
#0 C:\xampp\htdocs\heattransfer\heattransfer\php_code\user\app\views\layouts\standard.php(33): CComponent->__call('getProduct', Array)
#1 C:\xampp\htdocs\heattransfer\heattransfer\php_code\user\app\views\layouts\standard.php(33): ProductController->getProduct()
#2 C:\xampp\htdocs\heattransfer\heattransfer\php_code\framework\web\CBaseController.php(127): require('C:\\xampp\\htdocs...')
#3 C:\xampp\htdocs\heattransfer\heattransfer\php_code\framework\web\CBaseController.php(96): CBaseController->renderInternal('C:\\xampp\\htdocs...', Array, true)
#4 C:\xampp\htdocs\heattransfer\heattransfer\php_code\framework\web\CController.php(785): CBaseController->renderFile('C:\\xampp\\htdocs...', Array, true)
#5 C:\xampp\htdocs\heattransfer\heattransfer\php_code\user\app\controllers\ProductController.php(34): CController->render('detail', Array)
#6 [internal function]: ProductController->actionDetail('22', 'san-pham-23.htm...')
#7 C:\xampp\htdocs\heattransfer\heattransfer\php_code\framework\web\actions\CAction.php(107): ReflectionMethod->invokeArgs(Object(ProductController), Array)
#8 C:\xampp\htdocs\heattransfer\heattransfer\php_code\framework\web\actions\CInlineAction.php(48): CAction->runWithParamsInternal(Object(ProductController), Object(ReflectionMethod), Array)
#9 C:\xampp\htdocs\heattransfer\heattransfer\php_code\framework\web\CController.php(309): CInlineAction->runWithParams(Array)
#10 C:\xampp\htdocs\heattransfer\heattransfer\php_code\framework\web\CController.php(287): CController->runAction(Object(CInlineAction))
#11 C:\xampp\htdocs\heattransfer\heattransfer\php_code\framework\web\CController.php(266): CController->runActionWithFilters(Object(CInlineAction), Array)
#12 C:\xampp\htdocs\heattransfer\heattransfer\php_code\framework\web\CWebApplication.php(283): CController->run('detail')
#13 C:\xampp\htdocs\heattransfer\heattransfer\php_code\framework\web\CWebApplication.php(142): CWebApplication->runController('product/detail')
#14 C:\xampp\htdocs\heattransfer\heattransfer\php_code\framework\base\CApplication.php(162): CWebApplication->processRequest()
#15 C:\xampp\htdocs\heattransfer\heattransfer\php_code\public_html\index.php(12): CApplication->run()
#16 {main}
REQUEST_URI=/chi-tiet/22/san-pham-23.html
HTTP_REFERER=http://heattransfer.tam/san-pham.html
---
2015/08/12 17:36:17 [error] [exception.CHttpException.404] exception 'CHttpException' with message 'Unable to resolve the request "sites/105544/Skins/Ecom01/images/Rating/IcoRating0.gif".' in C:\xampp\htdocs\heattransfer\heattransfer\php_code\framework\web\CWebApplication.php:287
Stack trace:
#0 C:\xampp\htdocs\heattransfer\heattransfer\php_code\framework\web\CWebApplication.php(142): CWebApplication->runController('sites/105544/Sk...')
#1 C:\xampp\htdocs\heattransfer\heattransfer\php_code\framework\base\CApplication.php(162): CWebApplication->processRequest()
#2 C:\xampp\htdocs\heattransfer\heattransfer\php_code\public_html\index.php(12): CApplication->run()
#3 {main}
REQUEST_URI=/sites/105544/Skins/Ecom01/images/Rating/IcoRating0.gif
HTTP_REFERER=http://heattransfer.tam/sites/105544/Skins/Ecom01/style.css
---
2015/08/12 17:46:51 [error] [exception.CHttpException.404] exception 'CHttpException' with message 'Unable to resolve the request "sites/105544/Skins/Ecom01/images/saleflag.png".' in C:\xampp\htdocs\heattransfer\heattransfer\php_code\framework\web\CWebApplication.php:287
Stack trace:
#0 C:\xampp\htdocs\heattransfer\heattransfer\php_code\framework\web\CWebApplication.php(142): CWebApplication->runController('sites/105544/Sk...')
#1 C:\xampp\htdocs\heattransfer\heattransfer\php_code\framework\base\CApplication.php(162): CWebApplication->processRequest()
#2 C:\xampp\htdocs\heattransfer\heattransfer\php_code\public_html\index.php(12): CApplication->run()
#3 {main}
REQUEST_URI=/sites/105544/Skins/Ecom01/images/saleflag.png
HTTP_REFERER=http://heattransfer.tam/sites/105544/Skins/Ecom01/style.css
---
2015/08/12 17:58:03 [error] [exception.CHttpException.404] exception 'CHttpException' with message 'Unable to resolve the request "uploads/1403855627logo.png".' in C:\xampp\htdocs\heattransfer\heattransfer\php_code\framework\web\CWebApplication.php:287
Stack trace:
#0 C:\xampp\htdocs\heattransfer\heattransfer\php_code\framework\web\CWebApplication.php(142): CWebApplication->runController('uploads/1403855...')
#1 C:\xampp\htdocs\heattransfer\heattransfer\php_code\framework\base\CApplication.php(162): CWebApplication->processRequest()
#2 C:\xampp\htdocs\heattransfer\heattransfer\php_code\public_html\index.php(12): CApplication->run()
#3 {main}
REQUEST_URI=/uploads/1403855627logo.png
HTTP_REFERER=http://heattransfer.tam/
---
2015/08/12 17:58:26 [error] [exception.CHttpException.404] exception 'CHttpException' with message 'Unable to resolve the request "uploads/1403855627logo.png".' in C:\xampp\htdocs\heattransfer\heattransfer\php_code\framework\web\CWebApplication.php:287
Stack trace:
#0 C:\xampp\htdocs\heattransfer\heattransfer\php_code\framework\web\CWebApplication.php(142): CWebApplication->runController('uploads/1403855...')
#1 C:\xampp\htdocs\heattransfer\heattransfer\php_code\framework\base\CApplication.php(162): CWebApplication->processRequest()
#2 C:\xampp\htdocs\heattransfer\heattransfer\php_code\public_html\index.php(12): CApplication->run()
#3 {main}
REQUEST_URI=/uploads/1403855627logo.png
HTTP_REFERER=http://heattransfer.tam/admin/advertise/edit/1
---
2015/08/12 18:00:28 [warning] [application] Failed to set unsafe attribute "image" of "AdvertiseAR".
in C:\xampp\htdocs\heattransfer\heattransfer\php_code\admin\app\controllers\AdvertiseController.php (77)
in C:\xampp\htdocs\heattransfer\heattransfer\php_code\public_html\admin\index.php (9)
2015/08/12 18:05:45 [warning] [application] Failed to set unsafe attribute "image" of "AdvertiseAR".
in C:\xampp\htdocs\heattransfer\heattransfer\php_code\admin\app\controllers\AdvertiseController.php (77)
in C:\xampp\htdocs\heattransfer\heattransfer\php_code\public_html\admin\index.php (9)
2015/08/12 18:10:23 [error] [exception.CException] exception 'CException' with message 'SiteController and its behaviors do not have a method or closure named "getAddress".' in C:\xampp\htdocs\heattransfer\heattransfer\php_code\framework\base\CComponent.php:266
Stack trace:
#0 C:\xampp\htdocs\heattransfer\heattransfer\php_code\user\app\views\layouts\main.php(409): CComponent->__call('getAddress', Array)
#1 C:\xampp\htdocs\heattransfer\heattransfer\php_code\user\app\views\layouts\main.php(409): SiteController->getAddress()
#2 C:\xampp\htdocs\heattransfer\heattransfer\php_code\framework\web\CBaseController.php(127): require('C:\\xampp\\htdocs...')
#3 C:\xampp\htdocs\heattransfer\heattransfer\php_code\framework\web\CBaseController.php(96): CBaseController->renderInternal('C:\\xampp\\htdocs...', Array, true)
#4 C:\xampp\htdocs\heattransfer\heattransfer\php_code\framework\web\CController.php(785): CBaseController->renderFile('C:\\xampp\\htdocs...', Array, true)
#5 C:\xampp\htdocs\heattransfer\heattransfer\php_code\user\app\controllers\SiteController.php(55): CController->render('index', Array)
#6 C:\xampp\htdocs\heattransfer\heattransfer\php_code\framework\web\actions\CInlineAction.php(50): SiteController->actionIndex()
#7 C:\xampp\htdocs\heattransfer\heattransfer\php_code\framework\web\CController.php(309): CInlineAction->runWithParams(Array)
#8 C:\xampp\htdocs\heattransfer\heattransfer\php_code\framework\web\CController.php(287): CController->runAction(Object(CInlineAction))
#9 C:\xampp\htdocs\heattransfer\heattransfer\php_code\framework\web\CController.php(266): CController->runActionWithFilters(Object(CInlineAction), Array)
#10 C:\xampp\htdocs\heattransfer\heattransfer\php_code\framework\web\CWebApplication.php(283): CController->run('')
#11 C:\xampp\htdocs\heattransfer\heattransfer\php_code\framework\web\CWebApplication.php(142): CWebApplication->runController('')
#12 C:\xampp\htdocs\heattransfer\heattransfer\php_code\framework\base\CApplication.php(162): CWebApplication->processRequest()
#13 C:\xampp\htdocs\heattransfer\heattransfer\php_code\public_html\index.php(12): CApplication->run()
#14 {main}
REQUEST_URI=/
HTTP_REFERER=http://heattransfer.tam/gioi-thieu.html
---
